2022-02-28 10:53:24.982  INFO 13588 --- [main] com.example.eestudy.dao.UserMapperTest   : Starting UserMapperTest using Java 1.8.0_192 on HONOR-MAGICBOOK with PID 13588 (started by wangfuming in D:\Github\Java\JavaEE\eeStudy)
2022-02-28 10:53:24.984  INFO 13588 --- [main] com.example.eestudy.dao.UserMapperTest   : No active profile set, falling back to 1 default profile: "default"
2022-02-28 10:53:28.030  INFO 13588 --- [main] com.example.eestudy.dao.UserMapperTest   : Started UserMapperTest in 3.433 seconds (JVM running for 6.037)
2022-02-28 10:53:28.429  INFO 13588 --- [main] com.zaxxer.hikari.HikariDataSource       : HikariPool-1 - Starting...
2022-02-28 10:53:28.434  WARN 13588 --- [main] com.zaxxer.hikari.util.DriverDataSource  : Registered driver with driverClassName=com.mysql.jdbc.Driver was not found, trying direct instantiation.
2022-02-28 10:53:28.686  INFO 13588 --- [main] com.zaxxer.hikari.HikariDataSource       : HikariPool-1 - Start completed.
2022-02-28 10:53:28.774  INFO 13588 --- [SpringApplicationShutdownHook] com.zaxxer.hikari.HikariDataSource       : HikariPool-1 - Shutdown initiated...
2022-02-28 10:53:28.787  INFO 13588 --- [SpringApplicationShutdownHook] com.zaxxer.hikari.HikariDataSource       : HikariPool-1 - Shutdown completed.
2022-02-28 10:54:28.162  INFO 2012 --- [main] com.example.eestudy.dao.UserMapperTest   : Starting UserMapperTest using Java 1.8.0_192 on HONOR-MAGICBOOK with PID 2012 (started by wangfuming in D:\Github\Java\JavaEE\eeStudy)
2022-02-28 10:54:28.163  INFO 2012 --- [main] com.example.eestudy.dao.UserMapperTest   : No active profile set, falling back to 1 default profile: "default"
2022-02-28 10:54:31.166  INFO 2012 --- [main] com.example.eestudy.dao.UserMapperTest   : Started UserMapperTest in 3.362 seconds (JVM running for 5.106)
2022-02-28 10:54:31.528  INFO 2012 --- [main] com.zaxxer.hikari.HikariDataSource       : HikariPool-1 - Starting...
2022-02-28 10:54:31.534  WARN 2012 --- [main] com.zaxxer.hikari.util.DriverDataSource  : Registered driver with driverClassName=com.mysql.jdbc.Driver was not found, trying direct instantiation.
2022-02-28 10:54:31.760  INFO 2012 --- [main] com.zaxxer.hikari.HikariDataSource       : HikariPool-1 - Start completed.
2022-02-28 10:54:31.858  INFO 2012 --- [SpringApplicationShutdownHook] com.zaxxer.hikari.HikariDataSource       : HikariPool-1 - Shutdown initiated...
2022-02-28 10:54:31.869  INFO 2012 --- [SpringApplicationShutdownHook] com.zaxxer.hikari.HikariDataSource       : HikariPool-1 - Shutdown completed.
2022-02-28 10:55:22.634  INFO 1904 --- [main] com.example.eestudy.dao.UserMapperTest   : Starting UserMapperTest using Java 1.8.0_192 on HONOR-MAGICBOOK with PID 1904 (started by wangfuming in D:\Github\Java\JavaEE\eeStudy)
2022-02-28 10:55:22.636  INFO 1904 --- [main] com.example.eestudy.dao.UserMapperTest   : No active profile set, falling back to 1 default profile: "default"
2022-02-28 10:55:25.186  INFO 1904 --- [main] com.example.eestudy.dao.UserMapperTest   : Started UserMapperTest in 3.025 seconds (JVM running for 4.471)
2022-02-28 10:55:25.494  INFO 1904 --- [main] com.zaxxer.hikari.HikariDataSource       : HikariPool-1 - Starting...
2022-02-28 10:55:25.500  WARN 1904 --- [main] com.zaxxer.hikari.util.DriverDataSource  : Registered driver with driverClassName=com.mysql.jdbc.Driver was not found, trying direct instantiation.
2022-02-28 10:55:25.736  INFO 1904 --- [main] com.zaxxer.hikari.HikariDataSource       : HikariPool-1 - Start completed.
2022-02-28 10:55:25.837  INFO 1904 --- [SpringApplicationShutdownHook] com.zaxxer.hikari.HikariDataSource       : HikariPool-1 - Shutdown initiated...
2022-02-28 10:55:25.852  INFO 1904 --- [SpringApplicationShutdownHook] com.zaxxer.hikari.HikariDataSource       : HikariPool-1 - Shutdown completed.
2022-02-28 10:56:26.823  INFO 2168 --- [main] com.example.eestudy.dao.UserMapperTest   : Starting UserMapperTest using Java 1.8.0_192 on HONOR-MAGICBOOK with PID 2168 (started by wangfuming in D:\Github\Java\JavaEE\eeStudy)
2022-02-28 10:56:26.826  INFO 2168 --- [main] com.example.eestudy.dao.UserMapperTest   : No active profile set, falling back to 1 default profile: "default"
2022-02-28 10:56:29.494  INFO 2168 --- [main] com.example.eestudy.dao.UserMapperTest   : Started UserMapperTest in 3.086 seconds (JVM running for 4.529)
2022-02-28 10:56:29.837  INFO 2168 --- [main] com.zaxxer.hikari.HikariDataSource       : HikariPool-1 - Starting...
2022-02-28 10:56:29.846  WARN 2168 --- [main] com.zaxxer.hikari.util.DriverDataSource  : Registered driver with driverClassName=com.mysql.jdbc.Driver was not found, trying direct instantiation.
2022-02-28 10:56:30.143  INFO 2168 --- [main] com.zaxxer.hikari.HikariDataSource       : HikariPool-1 - Start completed.
2022-02-28 10:56:30.265  INFO 2168 --- [SpringApplicationShutdownHook] com.zaxxer.hikari.HikariDataSource       : HikariPool-1 - Shutdown initiated...
2022-02-28 10:56:30.281  INFO 2168 --- [SpringApplicationShutdownHook] com.zaxxer.hikari.HikariDataSource       : HikariPool-1 - Shutdown completed.
2022-02-28 10:56:43.233  INFO 6052 --- [main] com.example.eestudy.dao.UserMapperTest   : Starting UserMapperTest using Java 1.8.0_192 on HONOR-MAGICBOOK with PID 6052 (started by wangfuming in D:\Github\Java\JavaEE\eeStudy)
2022-02-28 10:56:43.235  INFO 6052 --- [main] com.example.eestudy.dao.UserMapperTest   : No active profile set, falling back to 1 default profile: "default"
2022-02-28 10:56:46.032  INFO 6052 --- [main] com.example.eestudy.dao.UserMapperTest   : Started UserMapperTest in 3.285 seconds (JVM running for 4.882)
2022-02-28 10:56:46.419  INFO 6052 --- [main] com.zaxxer.hikari.HikariDataSource       : HikariPool-1 - Starting...
2022-02-28 10:56:46.424  WARN 6052 --- [main] com.zaxxer.hikari.util.DriverDataSource  : Registered driver with driverClassName=com.mysql.jdbc.Driver was not found, trying direct instantiation.
2022-02-28 10:56:46.697  INFO 6052 --- [main] com.zaxxer.hikari.HikariDataSource       : HikariPool-1 - Start completed.
2022-02-28 10:56:46.797  INFO 6052 --- [SpringApplicationShutdownHook] com.zaxxer.hikari.HikariDataSource       : HikariPool-1 - Shutdown initiated...
2022-02-28 10:56:46.805  INFO 6052 --- [SpringApplicationShutdownHook] com.zaxxer.hikari.HikariDataSource       : HikariPool-1 - Shutdown completed.
2022-02-28 10:57:32.463  INFO 17576 --- [main] com.example.eestudy.dao.UserMapperTest   : Starting UserMapperTest using Java 1.8.0_192 on HONOR-MAGICBOOK with PID 17576 (started by wangfuming in D:\Github\Java\JavaEE\eeStudy)
2022-02-28 10:57:32.466  INFO 17576 --- [main] com.example.eestudy.dao.UserMapperTest   : No active profile set, falling back to 1 default profile: "default"
2022-02-28 10:57:35.443  INFO 17576 --- [main] com.example.eestudy.dao.UserMapperTest   : Started UserMapperTest in 3.419 seconds (JVM running for 4.916)
2022-02-28 10:57:35.804  INFO 17576 --- [main] com.zaxxer.hikari.HikariDataSource       : HikariPool-1 - Starting...
2022-02-28 10:57:35.812  WARN 17576 --- [main] com.zaxxer.hikari.util.DriverDataSource  : Registered driver with driverClassName=com.mysql.jdbc.Driver was not found, trying direct instantiation.
2022-02-28 10:57:36.013  INFO 17576 --- [main] com.zaxxer.hikari.HikariDataSource       : HikariPool-1 - Start completed.
2022-02-28 10:57:36.115  INFO 17576 --- [SpringApplicationShutdownHook] com.zaxxer.hikari.HikariDataSource       : HikariPool-1 - Shutdown initiated...
2022-02-28 10:57:36.126  INFO 17576 --- [SpringApplicationShutdownHook] com.zaxxer.hikari.HikariDataSource       : HikariPool-1 - Shutdown completed.
2022-02-28 10:59:09.187  INFO 4912 --- [main] com.example.eestudy.dao.UserMapperTest   : Starting UserMapperTest using Java 1.8.0_192 on HONOR-MAGICBOOK with PID 4912 (started by wangfuming in D:\Github\Java\JavaEE\eeStudy)
2022-02-28 10:59:09.189  INFO 4912 --- [main] com.example.eestudy.dao.UserMapperTest   : No active profile set, falling back to 1 default profile: "default"
2022-02-28 10:59:11.880  INFO 4912 --- [main] com.example.eestudy.dao.UserMapperTest   : Started UserMapperTest in 3.085 seconds (JVM running for 4.515)
2022-02-28 10:59:12.240  INFO 4912 --- [main] com.zaxxer.hikari.HikariDataSource       : HikariPool-1 - Starting...
2022-02-28 10:59:12.250  WARN 4912 --- [main] com.zaxxer.hikari.util.DriverDataSource  : Registered driver with driverClassName=com.mysql.jdbc.Driver was not found, trying direct instantiation.
2022-02-28 10:59:12.587  INFO 4912 --- [main] com.zaxxer.hikari.HikariDataSource       : HikariPool-1 - Start completed.
2022-02-28 10:59:12.736  INFO 4912 --- [SpringApplicationShutdownHook] com.zaxxer.hikari.HikariDataSource       : HikariPool-1 - Shutdown initiated...
2022-02-28 10:59:12.755  INFO 4912 --- [SpringApplicationShutdownHook] com.zaxxer.hikari.HikariDataSource       : HikariPool-1 - Shutdown completed.
2022-02-28 11:08:40.244  INFO 14704 --- [main] c.example.eestudy.dao.ArticleMapperTest  : Starting ArticleMapperTest using Java 1.8.0_192 on HONOR-MAGICBOOK with PID 14704 (started by wangfuming in D:\Github\Java\JavaEE\eeStudy)
2022-02-28 11:08:40.245  INFO 14704 --- [main] c.example.eestudy.dao.ArticleMapperTest  : No active profile set, falling back to 1 default profile: "default"
2022-02-28 11:08:43.008  INFO 14704 --- [main] c.example.eestudy.dao.ArticleMapperTest  : Started ArticleMapperTest in 3.103 seconds (JVM running for 4.794)
2022-02-28 11:08:43.296  INFO 14704 --- [main] com.zaxxer.hikari.HikariDataSource       : HikariPool-1 - Starting...
2022-02-28 11:08:43.300  WARN 14704 --- [main] com.zaxxer.hikari.util.DriverDataSource  : Registered driver with driverClassName=com.mysql.jdbc.Driver was not found, trying direct instantiation.
2022-02-28 11:08:43.489  INFO 14704 --- [main] com.zaxxer.hikari.HikariDataSource       : HikariPool-1 - Start completed.
2022-02-28 11:08:43.629  INFO 14704 --- [SpringApplicationShutdownHook] com.zaxxer.hikari.HikariDataSource       : HikariPool-1 - Shutdown initiated...
2022-02-28 11:08:43.642  INFO 14704 --- [SpringApplicationShutdownHook] com.zaxxer.hikari.HikariDataSource       : HikariPool-1 - Shutdown completed.
2022-02-28 11:11:13.156  INFO 17428 --- [main] c.example.eestudy.dao.ArticleMapperTest  : Starting ArticleMapperTest using Java 1.8.0_192 on HONOR-MAGICBOOK with PID 17428 (started by wangfuming in D:\Github\Java\JavaEE\eeStudy)
2022-02-28 11:11:13.157  INFO 17428 --- [main] c.example.eestudy.dao.ArticleMapperTest  : No active profile set, falling back to 1 default profile: "default"
2022-02-28 11:11:15.364  INFO 17428 --- [main] c.example.eestudy.dao.ArticleMapperTest  : Started ArticleMapperTest in 2.692 seconds (JVM running for 3.863)
2022-02-28 11:11:15.623  INFO 17428 --- [main] com.zaxxer.hikari.HikariDataSource       : HikariPool-1 - Starting...
2022-02-28 11:11:15.627  WARN 17428 --- [main] com.zaxxer.hikari.util.DriverDataSource  : Registered driver with driverClassName=com.mysql.jdbc.Driver was not found, trying direct instantiation.
2022-02-28 11:11:15.801  INFO 17428 --- [main] com.zaxxer.hikari.HikariDataSource       : HikariPool-1 - Start completed.
2022-02-28 11:11:15.927  INFO 17428 --- [SpringApplicationShutdownHook] com.zaxxer.hikari.HikariDataSource       : HikariPool-1 - Shutdown initiated...
2022-02-28 11:11:15.937  INFO 17428 --- [SpringApplicationShutdownHook] com.zaxxer.hikari.HikariDataSource       : HikariPool-1 - Shutdown completed.
2022-02-28 11:12:10.029  INFO 3100 --- [main] c.example.eestudy.dao.ArticleMapperTest  : Starting ArticleMapperTest using Java 1.8.0_192 on HONOR-MAGICBOOK with PID 3100 (started by wangfuming in D:\Github\Java\JavaEE\eeStudy)
2022-02-28 11:12:10.031  INFO 3100 --- [main] c.example.eestudy.dao.ArticleMapperTest  : No active profile set, falling back to 1 default profile: "default"
2022-02-28 11:12:12.046  INFO 3100 --- [main] c.example.eestudy.dao.ArticleMapperTest  : Started ArticleMapperTest in 2.332 seconds (JVM running for 3.436)
2022-02-28 11:12:12.305  INFO 3100 --- [main] com.zaxxer.hikari.HikariDataSource       : HikariPool-1 - Starting...
2022-02-28 11:12:12.311  WARN 3100 --- [main] com.zaxxer.hikari.util.DriverDataSource  : Registered driver with driverClassName=com.mysql.jdbc.Driver was not found, trying direct instantiation.
2022-02-28 11:12:12.498  INFO 3100 --- [main] com.zaxxer.hikari.HikariDataSource       : HikariPool-1 - Start completed.
2022-02-28 11:12:12.641  INFO 3100 --- [SpringApplicationShutdownHook] com.zaxxer.hikari.HikariDataSource       : HikariPool-1 - Shutdown initiated...
2022-02-28 11:12:12.651  INFO 3100 --- [SpringApplicationShutdownHook] com.zaxxer.hikari.HikariDataSource       : HikariPool-1 - Shutdown completed.
2022-02-28 11:14:13.838  INFO 11684 --- [main] c.example.eestudy.dao.ArticleMapperTest  : Starting ArticleMapperTest using Java 1.8.0_192 on HONOR-MAGICBOOK with PID 11684 (started by wangfuming in D:\Github\Java\JavaEE\eeStudy)
2022-02-28 11:14:13.840  INFO 11684 --- [main] c.example.eestudy.dao.ArticleMapperTest  : No active profile set, falling back to 1 default profile: "default"
2022-02-28 11:14:16.502  INFO 11684 --- [main] c.example.eestudy.dao.ArticleMapperTest  : Started ArticleMapperTest in 3.104 seconds (JVM running for 4.985)
2022-02-28 11:14:16.834  INFO 11684 --- [main] com.zaxxer.hikari.HikariDataSource       : HikariPool-1 - Starting...
2022-02-28 11:14:16.840  WARN 11684 --- [main] com.zaxxer.hikari.util.DriverDataSource  : Registered driver with driverClassName=com.mysql.jdbc.Driver was not found, trying direct instantiation.
2022-02-28 11:14:17.108  INFO 11684 --- [main] com.zaxxer.hikari.HikariDataSource       : HikariPool-1 - Start completed.
2022-02-28 11:14:17.198  INFO 11684 --- [SpringApplicationShutdownHook] com.zaxxer.hikari.HikariDataSource       : HikariPool-1 - Shutdown initiated...
2022-02-28 11:14:17.210  INFO 11684 --- [SpringApplicationShutdownHook] com.zaxxer.hikari.HikariDataSource       : HikariPool-1 - Shutdown completed.
2022-02-28 11:41:15.890  INFO 11056 --- [main] com.example.eestudy.dao.UserMapperTest   : Starting UserMapperTest using Java 1.8.0_192 on HONOR-MAGICBOOK with PID 11056 (started by wangfuming in D:\Github\Java\JavaEE\eeStudy)
2022-02-28 11:41:15.892  INFO 11056 --- [main] com.example.eestudy.dao.UserMapperTest   : No active profile set, falling back to 1 default profile: "default"
2022-02-28 11:41:18.196  INFO 11056 --- [main] com.example.eestudy.dao.UserMapperTest   : Started UserMapperTest in 2.701 seconds (JVM running for 3.907)
2022-02-28 11:41:18.529  INFO 11056 --- [main] com.zaxxer.hikari.HikariDataSource       : HikariPool-1 - Starting...
2022-02-28 11:41:18.534  WARN 11056 --- [main] com.zaxxer.hikari.util.DriverDataSource  : Registered driver with driverClassName=com.mysql.jdbc.Driver was not found, trying direct instantiation.
2022-02-28 11:41:18.727  INFO 11056 --- [main] com.zaxxer.hikari.HikariDataSource       : HikariPool-1 - Start completed.
2022-02-28 11:41:18.857  INFO 11056 --- [SpringApplicationShutdownHook] com.zaxxer.hikari.HikariDataSource       : HikariPool-1 - Shutdown initiated...
2022-02-28 11:41:18.869  INFO 11056 --- [SpringApplicationShutdownHook] com.zaxxer.hikari.HikariDataSource       : HikariPool-1 - Shutdown completed.
2022-02-28 11:42:06.810  INFO 16436 --- [main] c.example.eestudy.dao.ArticleMapperTest  : Starting ArticleMapperTest using Java 1.8.0_192 on HONOR-MAGICBOOK with PID 16436 (started by wangfuming in D:\Github\Java\JavaEE\eeStudy)
2022-02-28 11:42:06.811  INFO 16436 --- [main] c.example.eestudy.dao.ArticleMapperTest  : No active profile set, falling back to 1 default profile: "default"
2022-02-28 11:42:08.862  INFO 16436 --- [main] c.example.eestudy.dao.ArticleMapperTest  : Started ArticleMapperTest in 2.379 seconds (JVM running for 3.488)
2022-02-28 11:42:09.123  INFO 16436 --- [main] com.zaxxer.hikari.HikariDataSource       : HikariPool-1 - Starting...
2022-02-28 11:42:09.129  WARN 16436 --- [main] com.zaxxer.hikari.util.DriverDataSource  : Registered driver with driverClassName=com.mysql.jdbc.Driver was not found, trying direct instantiation.
2022-02-28 11:42:09.319  INFO 16436 --- [main] com.zaxxer.hikari.HikariDataSource       : HikariPool-1 - Start completed.
2022-02-28 11:42:09.444  INFO 16436 --- [SpringApplicationShutdownHook] com.zaxxer.hikari.HikariDataSource       : HikariPool-1 - Shutdown initiated...
2022-02-28 11:42:09.455  INFO 16436 --- [SpringApplicationShutdownHook] com.zaxxer.hikari.HikariDataSource       : HikariPool-1 - Shutdown completed.
2022-02-28 11:42:30.480  INFO 14136 --- [main] com.example.eestudy.dao.UserMapperTest   : Starting UserMapperTest using Java 1.8.0_192 on HONOR-MAGICBOOK with PID 14136 (started by wangfuming in D:\Github\Java\JavaEE\eeStudy)
2022-02-28 11:42:30.481  INFO 14136 --- [main] com.example.eestudy.dao.UserMapperTest   : No active profile set, falling back to 1 default profile: "default"
2022-02-28 11:42:32.537  INFO 14136 --- [main] com.example.eestudy.dao.UserMapperTest   : Started UserMapperTest in 2.371 seconds (JVM running for 3.715)
2022-02-28 11:42:32.800  INFO 14136 --- [main] com.zaxxer.hikari.HikariDataSource       : HikariPool-1 - Starting...
2022-02-28 11:42:32.806  WARN 14136 --- [main] com.zaxxer.hikari.util.DriverDataSource  : Registered driver with driverClassName=com.mysql.jdbc.Driver was not found, trying direct instantiation.
2022-02-28 11:42:32.980  INFO 14136 --- [main] com.zaxxer.hikari.HikariDataSource       : HikariPool-1 - Start completed.
2022-02-28 11:42:33.058  INFO 14136 --- [SpringApplicationShutdownHook] com.zaxxer.hikari.HikariDataSource       : HikariPool-1 - Shutdown initiated...
2022-02-28 11:42:33.065  INFO 14136 --- [SpringApplicationShutdownHook] com.zaxxer.hikari.HikariDataSource       : HikariPool-1 - Shutdown completed.
2022-02-28 11:44:50.827  INFO 14616 --- [main] com.example.eestudy.dao.UserMapperTest   : Starting UserMapperTest using Java 1.8.0_192 on HONOR-MAGICBOOK with PID 14616 (started by wangfuming in D:\Github\Java\JavaEE\eeStudy)
2022-02-28 11:44:50.828  INFO 14616 --- [main] com.example.eestudy.dao.UserMapperTest   : No active profile set, falling back to 1 default profile: "default"
2022-02-28 11:44:52.864  INFO 14616 --- [main] com.example.eestudy.dao.UserMapperTest   : Started UserMapperTest in 2.355 seconds (JVM running for 3.537)
2022-02-28 11:44:53.128  INFO 14616 --- [main] com.zaxxer.hikari.HikariDataSource       : HikariPool-1 - Starting...
2022-02-28 11:44:53.132  WARN 14616 --- [main] com.zaxxer.hikari.util.DriverDataSource  : Registered driver with driverClassName=com.mysql.jdbc.Driver was not found, trying direct instantiation.
2022-02-28 11:44:53.310  INFO 14616 --- [main] com.zaxxer.hikari.HikariDataSource       : HikariPool-1 - Start completed.
2022-02-28 11:44:53.395  INFO 14616 --- [SpringApplicationShutdownHook] com.zaxxer.hikari.HikariDataSource       : HikariPool-1 - Shutdown initiated...
2022-02-28 11:44:53.406  INFO 14616 --- [SpringApplicationShutdownHook] com.zaxxer.hikari.HikariDataSource       : HikariPool-1 - Shutdown completed.
2022-02-28 11:47:55.039  INFO 14604 --- [main] com.example.eestudy.dao.UserMapperTest   : Starting UserMapperTest using Java 1.8.0_192 on HONOR-MAGICBOOK with PID 14604 (started by wangfuming in D:\Github\Java\JavaEE\eeStudy)
2022-02-28 11:47:55.041  INFO 14604 --- [main] com.example.eestudy.dao.UserMapperTest   : No active profile set, falling back to 1 default profile: "default"
2022-02-28 11:47:57.109  INFO 14604 --- [main] com.example.eestudy.dao.UserMapperTest   : Started UserMapperTest in 2.413 seconds (JVM running for 3.688)
2022-02-28 11:47:57.382  INFO 14604 --- [main] com.zaxxer.hikari.HikariDataSource       : HikariPool-1 - Starting...
2022-02-28 11:47:57.388  WARN 14604 --- [main] com.zaxxer.hikari.util.DriverDataSource  : Registered driver with driverClassName=com.mysql.jdbc.Driver was not found, trying direct instantiation.
2022-02-28 11:47:57.596  INFO 14604 --- [main] com.zaxxer.hikari.HikariDataSource       : HikariPool-1 - Start completed.
2022-02-28 11:47:57.694  INFO 14604 --- [SpringApplicationShutdownHook] com.zaxxer.hikari.HikariDataSource       : HikariPool-1 - Shutdown initiated...
2022-02-28 11:47:57.706  INFO 14604 --- [SpringApplicationShutdownHook] com.zaxxer.hikari.HikariDataSource       : HikariPool-1 - Shutdown completed.
2022-02-28 12:28:46.352  INFO 7316 --- [main] c.example.eestudy.dao.ArticleMapperTest  : Starting ArticleMapperTest using Java 1.8.0_192 on HONOR-MAGICBOOK with PID 7316 (started by wangfuming in D:\Github\Java\JavaEE\eeStudy)
2022-02-28 12:28:46.354  INFO 7316 --- [main] c.example.eestudy.dao.ArticleMapperTest  : No active profile set, falling back to 1 default profile: "default"
2022-02-28 12:28:49.417  INFO 7316 --- [main] c.example.eestudy.dao.ArticleMapperTest  : Started ArticleMapperTest in 3.736 seconds (JVM running for 5.81)
2022-02-28 12:28:49.818  INFO 7316 --- [main] com.zaxxer.hikari.HikariDataSource       : HikariPool-1 - Starting...
2022-02-28 12:28:49.827  WARN 7316 --- [main] com.zaxxer.hikari.util.DriverDataSource  : Registered driver with driverClassName=com.mysql.jdbc.Driver was not found, trying direct instantiation.
2022-02-28 12:28:50.093  INFO 7316 --- [main] com.zaxxer.hikari.HikariDataSource       : HikariPool-1 - Start completed.
2022-02-28 12:28:50.192  INFO 7316 --- [SpringApplicationShutdownHook] com.zaxxer.hikari.HikariDataSource       : HikariPool-1 - Shutdown initiated...
2022-02-28 12:28:50.211  INFO 7316 --- [SpringApplicationShutdownHook] com.zaxxer.hikari.HikariDataSource       : HikariPool-1 - Shutdown completed.
2022-02-28 12:30:44.433  INFO 11776 --- [main] c.example.eestudy.dao.ArticleMapperTest  : Starting ArticleMapperTest using Java 1.8.0_192 on HONOR-MAGICBOOK with PID 11776 (started by wangfuming in D:\Github\Java\JavaEE\eeStudy)
2022-02-28 12:30:44.434  INFO 11776 --- [main] c.example.eestudy.dao.ArticleMapperTest  : No active profile set, falling back to 1 default profile: "default"
2022-02-28 12:30:48.031  INFO 11776 --- [main] c.example.eestudy.dao.ArticleMapperTest  : Started ArticleMapperTest in 4.168 seconds (JVM running for 5.639)
2022-02-28 12:30:48.469  INFO 11776 --- [main] com.zaxxer.hikari.HikariDataSource       : HikariPool-1 - Starting...
2022-02-28 12:30:48.478  WARN 11776 --- [main] com.zaxxer.hikari.util.DriverDataSource  : Registered driver with driverClassName=com.mysql.jdbc.Driver was not found, trying direct instantiation.
2022-02-28 12:30:48.781  INFO 11776 --- [main] com.zaxxer.hikari.HikariDataSource       : HikariPool-1 - Start completed.
2022-02-28 12:30:48.913  INFO 11776 --- [SpringApplicationShutdownHook] com.zaxxer.hikari.HikariDataSource       : HikariPool-1 - Shutdown initiated...
2022-02-28 12:30:48.931  INFO 11776 --- [SpringApplicationShutdownHook] com.zaxxer.hikari.HikariDataSource       : HikariPool-1 - Shutdown completed.
2022-02-28 13:56:06.108  INFO 5080 --- [restartedMain] com.example.eestudy.EeStudyApplication   : Starting EeStudyApplication using Java 1.8.0_192 on HONOR-MAGICBOOK with PID 5080 (D:\Github\Java\JavaEE\eeStudy\target\classes started by wangfuming in D:\Github\Java\JavaEE\eeStudy)
2022-02-28 13:56:06.109  INFO 5080 --- [restartedMain] com.example.eestudy.EeStudyApplication   : No active profile set, falling back to 1 default profile: "default"
2022-02-28 13:56:06.148  INFO 5080 --- [restartedMain] .e.DevToolsPropertyDefaultsPostProcessor : Devtools property defaults active! Set 'spring.devtools.add-properties' to 'false' to disable
2022-02-28 13:56:06.149  INFO 5080 --- [restartedMain] .e.DevToolsPropertyDefaultsPostProcessor : For additional web related logging consider setting the 'logging.level.web' property to 'DEBUG'
2022-02-28 13:56:07.253  INFO 5080 --- [restartedMain] o.s.b.w.embedded.tomcat.TomcatWebServer  : Tomcat initialized with port(s): 8080 (http)
2022-02-28 13:56:07.262  INFO 5080 --- [restartedMain] o.apache.catalina.core.StandardService   : Starting service [Tomcat]
2022-02-28 13:56:07.263  INFO 5080 --- [restartedMain] org.apache.catalina.core.StandardEngine  : Starting Servlet engine: [Apache Tomcat/9.0.58]
2022-02-28 13:56:07.330  INFO 5080 --- [restartedMain] o.a.c.c.C.[Tomcat].[localhost].[/]       : Initializing Spring embedded WebApplicationContext
2022-02-28 13:56:07.330  INFO 5080 --- [restartedMain] w.s.c.ServletWebServerApplicationContext : Root WebApplicationContext: initialization completed in 1181 ms
2022-02-28 13:56:08.034  INFO 5080 --- [restartedMain] o.s.b.d.a.OptionalLiveReloadServer       : LiveReload server is running on port 35729
2022-02-28 13:56:08.064  INFO 5080 --- [restartedMain] o.s.b.w.embedded.tomcat.TomcatWebServer  : Tomcat started on port(s): 8080 (http) with context path ''
2022-02-28 13:56:08.074  INFO 5080 --- [restartedMain] com.example.eestudy.EeStudyApplication   : Started EeStudyApplication in 2.312 seconds (JVM running for 3.108)
2022-02-28 13:56:43.659  INFO 5080 --- [http-nio-8080-exec-1] o.a.c.c.C.[Tomcat].[localhost].[/]       : Initializing Spring DispatcherServlet 'dispatcherServlet'
2022-02-28 13:56:43.659  INFO 5080 --- [http-nio-8080-exec-1] o.s.web.servlet.DispatcherServlet        : Initializing Servlet 'dispatcherServlet'
2022-02-28 13:56:43.660  INFO 5080 --- [http-nio-8080-exec-1] o.s.web.servlet.DispatcherServlet        : Completed initialization in 1 ms
2022-02-28 13:56:47.234 ERROR 5080 --- [http-nio-8080-exec-2] c.e.eestudy.controller.MVCController     : 这是跳转链接
2022-02-28 13:57:46.501 ERROR 5080 --- [http-nio-8080-exec-8] c.e.eestudy.controller.MVCController     : 这是跳转链接
2022-02-28 13:58:19.724 ERROR 5080 --- [http-nio-8080-exec-3] c.e.eestudy.controller.MethodController  : 用户id:1,宠物id:2
2022-02-28 13:59:32.553  WARN 5080 --- [http-nio-8080-exec-8] .m.m.a.ExceptionHandlerExceptionResolver : Resolved [org.springframework.web.HttpRequestMethodNotSupportedException: Request method 'GET' not supported]
2022-02-28 14:00:30.769  WARN 5080 --- [http-nio-8080-exec-3] .m.m.a.ExceptionHandlerExceptionResolver : Resolved [org.springframework.http.converter.HttpMessageNotReadableException: Required request body is missing: public java.lang.String com.example.eestudy.controller.MethodController.method3(java.lang.String,java.lang.String)]
2022-02-28 14:00:44.353 ERROR 5080 --- [http-nio-8080-exec-2] c.e.eestudy.controller.MethodController  : 用户名：password=xdu&name=xxx，密码：xdu
2022-02-28 14:01:06.374 ERROR 5080 --- [http-nio-8080-exec-4] c.e.eestudy.controller.MethodController  : 用户名：name=xxx&password=zzz，密码：zzz
2022-02-28 14:01:25.303 ERROR 5080 --- [http-nio-8080-exec-5] c.e.eestudy.controller.MethodController  : 用户名：{"username":"xxx","password":"abc"}，密码：null
2022-02-28 14:02:03.334  INFO 5080 --- [restartedMain] com.example.eestudy.EeStudyApplication   : Starting EeStudyApplication using Java 1.8.0_192 on HONOR-MAGICBOOK with PID 5080 (D:\Github\Java\JavaEE\eeStudy\target\classes started by wangfuming in D:\Github\Java\JavaEE\eeStudy)
2022-02-28 14:02:03.334  INFO 5080 --- [restartedMain] com.example.eestudy.EeStudyApplication   : No active profile set, falling back to 1 default profile: "default"
2022-02-28 14:02:03.760  INFO 5080 --- [restartedMain] o.s.b.w.embedded.tomcat.TomcatWebServer  : Tomcat initialized with port(s): 8080 (http)
2022-02-28 14:02:03.761  INFO 5080 --- [restartedMain] o.apache.catalina.core.StandardService   : Starting service [Tomcat]
2022-02-28 14:02:03.761  INFO 5080 --- [restartedMain] org.apache.catalina.core.StandardEngine  : Starting Servlet engine: [Apache Tomcat/9.0.58]
2022-02-28 14:02:03.778  INFO 5080 --- [restartedMain] o.a.c.c.C.[Tomcat].[localhost].[/]       : Initializing Spring embedded WebApplicationContext
2022-02-28 14:02:03.778  INFO 5080 --- [restartedMain] w.s.c.ServletWebServerApplicationContext : Root WebApplicationContext: initialization completed in 440 ms
2022-02-28 14:02:03.845  INFO 5080 --- [restartedMain] o.s.b.a.w.s.WelcomePageHandlerMapping    : Adding welcome page: class path resource [static/index.html]
2022-02-28 14:02:03.932  INFO 5080 --- [restartedMain] o.s.b.d.a.OptionalLiveReloadServer       : LiveReload server is running on port 35729
2022-02-28 14:02:03.943  INFO 5080 --- [restartedMain] o.s.b.w.embedded.tomcat.TomcatWebServer  : Tomcat started on port(s): 8080 (http) with context path ''
2022-02-28 14:02:03.947  INFO 5080 --- [restartedMain] com.example.eestudy.EeStudyApplication   : Started EeStudyApplication in 0.642 seconds (JVM running for 358.982)
2022-02-28 14:02:03.949  INFO 5080 --- [restartedMain] .ConditionEvaluationDeltaLoggingListener : Condition evaluation unchanged
2022-02-28 14:02:06.673  INFO 5080 --- [restartedMain] com.example.eestudy.EeStudyApplication   : Starting EeStudyApplication using Java 1.8.0_192 on HONOR-MAGICBOOK with PID 5080 (D:\Github\Java\JavaEE\eeStudy\target\classes started by wangfuming in D:\Github\Java\JavaEE\eeStudy)
2022-02-28 14:02:06.674  INFO 5080 --- [restartedMain] com.example.eestudy.EeStudyApplication   : No active profile set, falling back to 1 default profile: "default"
2022-02-28 14:02:07.167  INFO 5080 --- [restartedMain] o.s.b.w.embedded.tomcat.TomcatWebServer  : Tomcat initialized with port(s): 8080 (http)
2022-02-28 14:02:07.168  INFO 5080 --- [restartedMain] o.apache.catalina.core.StandardService   : Starting service [Tomcat]
2022-02-28 14:02:07.169  INFO 5080 --- [restartedMain] org.apache.catalina.core.StandardEngine  : Starting Servlet engine: [Apache Tomcat/9.0.58]
2022-02-28 14:02:07.219  INFO 5080 --- [restartedMain] o.a.c.c.C.[Tomcat].[localhost].[/]       : Initializing Spring embedded WebApplicationContext
2022-02-28 14:02:07.220  INFO 5080 --- [restartedMain] w.s.c.ServletWebServerApplicationContext : Root WebApplicationContext: initialization completed in 541 ms
2022-02-28 14:02:07.410  INFO 5080 --- [restartedMain] o.s.b.a.w.s.WelcomePageHandlerMapping    : Adding welcome page: class path resource [static/index.html]
2022-02-28 14:02:07.614  INFO 5080 --- [restartedMain] o.s.b.d.a.OptionalLiveReloadServer       : LiveReload server is running on port 35729
2022-02-28 14:02:07.648  INFO 5080 --- [restartedMain] o.s.b.w.embedded.tomcat.TomcatWebServer  : Tomcat started on port(s): 8080 (http) with context path ''
2022-02-28 14:02:07.660  INFO 5080 --- [restartedMain] com.example.eestudy.EeStudyApplication   : Started EeStudyApplication in 1.036 seconds (JVM running for 362.694)
2022-02-28 14:02:07.661  INFO 5080 --- [restartedMain] .ConditionEvaluationDeltaLoggingListener : Condition evaluation unchanged
2022-02-28 14:02:09.827  INFO 5080 --- [http-nio-8080-exec-2] o.a.c.c.C.[Tomcat].[localhost].[/]       : Initializing Spring DispatcherServlet 'dispatcherServlet'
2022-02-28 14:02:09.828  INFO 5080 --- [http-nio-8080-exec-2] o.s.web.servlet.DispatcherServlet        : Initializing Servlet 'dispatcherServlet'
2022-02-28 14:02:09.829  INFO 5080 --- [http-nio-8080-exec-2] o.s.web.servlet.DispatcherServlet        : Completed initialization in 1 ms
2022-02-28 14:02:09.833  WARN 5080 --- [http-nio-8080-exec-2] .m.m.a.ExceptionHandlerExceptionResolver : Resolved [org.springframework.http.converter.HttpMessageNotReadableException: Required request body is missing: public java.lang.String com.example.eestudy.controller.MethodController.method3(java.lang.String,java.lang.String)]
2022-02-28 14:02:36.185 ERROR 5080 --- [http-nio-8080-exec-5] c.e.eestudy.controller.MethodController  : 用户名：name=xxx&password=zzz，密码：name=xxx&password=zzz
2022-02-28 14:02:41.984  WARN 5080 --- [http-nio-8080-exec-6] .m.m.a.ExceptionHandlerExceptionResolver : Resolved [org.springframework.http.converter.HttpMessageNotReadableException: Required request body is missing: public java.lang.String com.example.eestudy.controller.MethodController.method3(java.lang.String,java.lang.String)]
2022-02-28 14:02:51.599  WARN 5080 --- [http-nio-8080-exec-9] .m.m.a.ExceptionHandlerExceptionResolver : Resolved [org.springframework.http.converter.HttpMessageNotReadableException: Required request body is missing: public java.lang.String com.example.eestudy.controller.MethodController.method3(java.lang.String,java.lang.String)]
2022-02-28 14:03:25.701  INFO 5080 --- [restartedMain] com.example.eestudy.EeStudyApplication   : Starting EeStudyApplication using Java 1.8.0_192 on HONOR-MAGICBOOK with PID 5080 (D:\Github\Java\JavaEE\eeStudy\target\classes started by wangfuming in D:\Github\Java\JavaEE\eeStudy)
2022-02-28 14:03:25.701  INFO 5080 --- [restartedMain] com.example.eestudy.EeStudyApplication   : No active profile set, falling back to 1 default profile: "default"
2022-02-28 14:03:25.955  INFO 5080 --- [restartedMain] o.s.b.w.embedded.tomcat.TomcatWebServer  : Tomcat initialized with port(s): 8080 (http)
2022-02-28 14:03:25.955  INFO 5080 --- [restartedMain] o.apache.catalina.core.StandardService   : Starting service [Tomcat]
2022-02-28 14:03:25.955  INFO 5080 --- [restartedMain] org.apache.catalina.core.StandardEngine  : Starting Servlet engine: [Apache Tomcat/9.0.58]
2022-02-28 14:03:25.975  INFO 5080 --- [restartedMain] o.a.c.c.C.[Tomcat].[localhost].[/]       : Initializing Spring embedded WebApplicationContext
2022-02-28 14:03:25.975  INFO 5080 --- [restartedMain] w.s.c.ServletWebServerApplicationContext : Root WebApplicationContext: initialization completed in 272 ms
2022-02-28 14:03:26.028  INFO 5080 --- [restartedMain] o.s.b.a.w.s.WelcomePageHandlerMapping    : Adding welcome page: class path resource [static/index.html]
2022-02-28 14:03:26.128  INFO 5080 --- [restartedMain] o.s.b.d.a.OptionalLiveReloadServer       : LiveReload server is running on port 35729
2022-02-28 14:03:26.137  INFO 5080 --- [restartedMain] o.s.b.w.embedded.tomcat.TomcatWebServer  : Tomcat started on port(s): 8080 (http) with context path ''
2022-02-28 14:03:26.141  INFO 5080 --- [restartedMain] com.example.eestudy.EeStudyApplication   : Started EeStudyApplication in 0.457 seconds (JVM running for 441.175)
2022-02-28 14:03:26.142  INFO 5080 --- [restartedMain] .ConditionEvaluationDeltaLoggingListener : Condition evaluation unchanged
2022-02-28 14:03:27.840  INFO 5080 --- [restartedMain] com.example.eestudy.EeStudyApplication   : Starting EeStudyApplication using Java 1.8.0_192 on HONOR-MAGICBOOK with PID 5080 (D:\Github\Java\JavaEE\eeStudy\target\classes started by wangfuming in D:\Github\Java\JavaEE\eeStudy)
2022-02-28 14:03:27.840  INFO 5080 --- [restartedMain] com.example.eestudy.EeStudyApplication   : No active profile set, falling back to 1 default profile: "default"
2022-02-28 14:03:28.003  INFO 5080 --- [restartedMain] o.s.b.w.embedded.tomcat.TomcatWebServer  : Tomcat initialized with port(s): 8080 (http)
2022-02-28 14:03:28.003  INFO 5080 --- [restartedMain] o.apache.catalina.core.StandardService   : Starting service [Tomcat]
2022-02-28 14:03:28.004  INFO 5080 --- [restartedMain] org.apache.catalina.core.StandardEngine  : Starting Servlet engine: [Apache Tomcat/9.0.58]
2022-02-28 14:03:28.015  INFO 5080 --- [restartedMain] o.a.c.c.C.[Tomcat].[localhost].[/]       : Initializing Spring embedded WebApplicationContext
2022-02-28 14:03:28.016  INFO 5080 --- [restartedMain] w.s.c.ServletWebServerApplicationContext : Root WebApplicationContext: initialization completed in 174 ms
2022-02-28 14:03:28.076  INFO 5080 --- [restartedMain] o.s.b.a.w.s.WelcomePageHandlerMapping    : Adding welcome page: class path resource [static/index.html]
2022-02-28 14:03:28.127  INFO 5080 --- [restartedMain] o.s.b.d.a.OptionalLiveReloadServer       : LiveReload server is running on port 35729
2022-02-28 14:03:28.135  INFO 5080 --- [restartedMain] o.s.b.w.embedded.tomcat.TomcatWebServer  : Tomcat started on port(s): 8080 (http) with context path ''
2022-02-28 14:03:28.138  INFO 5080 --- [restartedMain] com.example.eestudy.EeStudyApplication   : Started EeStudyApplication in 0.323 seconds (JVM running for 443.173)
2022-02-28 14:03:28.140  INFO 5080 --- [restartedMain] .ConditionEvaluationDeltaLoggingListener : Condition evaluation unchanged
2022-02-28 14:03:33.224  INFO 5080 --- [http-nio-8080-exec-2] o.a.c.c.C.[Tomcat].[localhost].[/]       : Initializing Spring DispatcherServlet 'dispatcherServlet'
2022-02-28 14:03:33.225  INFO 5080 --- [http-nio-8080-exec-2] o.s.web.servlet.DispatcherServlet        : Initializing Servlet 'dispatcherServlet'
2022-02-28 14:03:33.226  INFO 5080 --- [http-nio-8080-exec-2] o.s.web.servlet.DispatcherServlet        : Completed initialization in 1 ms
2022-02-28 14:03:33.235  WARN 5080 --- [http-nio-8080-exec-2] .m.m.a.ExceptionHandlerExceptionResolver : Resolved [org.springframework.web.bind.MissingServletRequestParameterException: Required request parameter 'password' for method parameter type String is not present]
2022-02-28 14:04:01.418 ERROR 5080 --- [http-nio-8080-exec-3] c.e.eestudy.controller.MethodController  : 用户名：xxx，密码：xdu
2022-02-28 14:04:04.870 ERROR 5080 --- [http-nio-8080-exec-4] c.e.eestudy.controller.MethodController  : 用户名：xxx，密码：zzz
2022-02-28 14:25:31.489  INFO 17152 --- [restartedMain] com.example.eestudy.EeStudyApplication   : Starting EeStudyApplication using Java 1.8.0_192 on HONOR-MAGICBOOK with PID 17152 (D:\Github\Java\JavaEE\eeStudy\target\classes started by wangfuming in D:\Github\Java\JavaEE\eeStudy)
2022-02-28 14:25:31.492  INFO 17152 --- [restartedMain] com.example.eestudy.EeStudyApplication   : No active profile set, falling back to 1 default profile: "default"
2022-02-28 14:25:31.540  INFO 17152 --- [restartedMain] .e.DevToolsPropertyDefaultsPostProcessor : Devtools property defaults active! Set 'spring.devtools.add-properties' to 'false' to disable
2022-02-28 14:25:31.540  INFO 17152 --- [restartedMain] .e.DevToolsPropertyDefaultsPostProcessor : For additional web related logging consider setting the 'logging.level.web' property to 'DEBUG'
2022-02-28 14:25:32.541  INFO 17152 --- [restartedMain] o.s.b.w.embedded.tomcat.TomcatWebServer  : Tomcat initialized with port(s): 8080 (http)
2022-02-28 14:25:32.553  INFO 17152 --- [restartedMain] o.apache.catalina.core.StandardService   : Starting service [Tomcat]
2022-02-28 14:25:32.553  INFO 17152 --- [restartedMain] org.apache.catalina.core.StandardEngine  : Starting Servlet engine: [Apache Tomcat/9.0.58]
2022-02-28 14:25:32.616  INFO 17152 --- [restartedMain] o.a.c.c.C.[Tomcat].[localhost].[/]       : Initializing Spring embedded WebApplicationContext
2022-02-28 14:25:32.616  INFO 17152 --- [restartedMain] w.s.c.ServletWebServerApplicationContext : Root WebApplicationContext: initialization completed in 1075 ms
2022-02-28 14:25:32.814  INFO 17152 --- [restartedMain] o.s.b.a.w.s.WelcomePageHandlerMapping    : Adding welcome page: class path resource [static/index.html]
2022-02-28 14:25:33.158  INFO 17152 --- [restartedMain] o.s.b.d.a.OptionalLiveReloadServer       : LiveReload server is running on port 35729
2022-02-28 14:25:33.188  INFO 17152 --- [restartedMain] o.s.b.w.embedded.tomcat.TomcatWebServer  : Tomcat started on port(s): 8080 (http) with context path ''
2022-02-28 14:25:33.200  INFO 17152 --- [restartedMain] com.example.eestudy.EeStudyApplication   : Started EeStudyApplication in 2.116 seconds (JVM running for 2.902)
2022-02-28 14:26:21.849  INFO 17152 --- [restartedMain] com.example.eestudy.EeStudyApplication   : Starting EeStudyApplication using Java 1.8.0_192 on HONOR-MAGICBOOK with PID 17152 (D:\Github\Java\JavaEE\eeStudy\target\classes started by wangfuming in D:\Github\Java\JavaEE\eeStudy)
2022-02-28 14:26:21.850  INFO 17152 --- [restartedMain] com.example.eestudy.EeStudyApplication   : No active profile set, falling back to 1 default profile: "default"
2022-02-28 14:26:22.160  INFO 17152 --- [restartedMain] o.s.b.w.embedded.tomcat.TomcatWebServer  : Tomcat initialized with port(s): 8080 (http)
2022-02-28 14:26:22.161  INFO 17152 --- [restartedMain] o.apache.catalina.core.StandardService   : Starting service [Tomcat]
2022-02-28 14:26:22.161  INFO 17152 --- [restartedMain] org.apache.catalina.core.StandardEngine  : Starting Servlet engine: [Apache Tomcat/9.0.58]
2022-02-28 14:26:22.174  INFO 17152 --- [restartedMain] o.a.c.c.C.[Tomcat].[localhost].[/]       : Initializing Spring embedded WebApplicationContext
2022-02-28 14:26:22.174  INFO 17152 --- [restartedMain] w.s.c.ServletWebServerApplicationContext : Root WebApplicationContext: initialization completed in 320 ms
2022-02-28 14:26:22.233  INFO 17152 --- [restartedMain] o.s.b.a.w.s.WelcomePageHandlerMapping    : Adding welcome page: class path resource [static/index.html]
2022-02-28 14:26:22.312  INFO 17152 --- [restartedMain] o.s.b.d.a.OptionalLiveReloadServer       : LiveReload server is running on port 35729
2022-02-28 14:26:22.333  INFO 17152 --- [restartedMain] o.s.b.w.embedded.tomcat.TomcatWebServer  : Tomcat started on port(s): 8080 (http) with context path ''
2022-02-28 14:26:22.342  INFO 17152 --- [restartedMain] com.example.eestudy.EeStudyApplication   : Started EeStudyApplication in 0.518 seconds (JVM running for 52.044)
2022-02-28 14:26:22.345  INFO 17152 --- [restartedMain] .ConditionEvaluationDeltaLoggingListener : Condition evaluation unchanged
2022-02-28 14:26:24.154  INFO 17152 --- [restartedMain] com.example.eestudy.EeStudyApplication   : Starting EeStudyApplication using Java 1.8.0_192 on HONOR-MAGICBOOK with PID 17152 (D:\Github\Java\JavaEE\eeStudy\target\classes started by wangfuming in D:\Github\Java\JavaEE\eeStudy)
2022-02-28 14:26:24.154  INFO 17152 --- [restartedMain] com.example.eestudy.EeStudyApplication   : No active profile set, falling back to 1 default profile: "default"
2022-02-28 14:26:24.415  INFO 17152 --- [restartedMain] o.s.b.w.embedded.tomcat.TomcatWebServer  : Tomcat initialized with port(s): 8080 (http)
2022-02-28 14:26:24.416  INFO 17152 --- [restartedMain] o.apache.catalina.core.StandardService   : Starting service [Tomcat]
2022-02-28 14:26:24.417  INFO 17152 --- [restartedMain] org.apache.catalina.core.StandardEngine  : Starting Servlet engine: [Apache Tomcat/9.0.58]
2022-02-28 14:26:24.443  INFO 17152 --- [restartedMain] o.a.c.c.C.[Tomcat].[localhost].[/]       : Initializing Spring embedded WebApplicationContext
2022-02-28 14:26:24.443  INFO 17152 --- [restartedMain] w.s.c.ServletWebServerApplicationContext : Root WebApplicationContext: initialization completed in 286 ms
2022-02-28 14:26:24.510  INFO 17152 --- [restartedMain] o.s.b.a.w.s.WelcomePageHandlerMapping    : Adding welcome page: class path resource [static/index.html]
2022-02-28 14:26:24.577  INFO 17152 --- [restartedMain] o.s.b.d.a.OptionalLiveReloadServer       : LiveReload server is running on port 35729
2022-02-28 14:26:24.587  INFO 17152 --- [restartedMain] o.s.b.w.embedded.tomcat.TomcatWebServer  : Tomcat started on port(s): 8080 (http) with context path ''
2022-02-28 14:26:24.591  INFO 17152 --- [restartedMain] com.example.eestudy.EeStudyApplication   : Started EeStudyApplication in 0.459 seconds (JVM running for 54.293)
2022-02-28 14:26:24.592  INFO 17152 --- [restartedMain] .ConditionEvaluationDeltaLoggingListener : Condition evaluation unchanged
2022-02-28 14:35:39.628  INFO 10612 --- [restartedMain] com.example.eestudy.EeStudyApplication   : Starting EeStudyApplication using Java 1.8.0_192 on HONOR-MAGICBOOK with PID 10612 (D:\Github\Java\JavaEE\eeStudy\target\classes started by wangfuming in D:\Github\Java\JavaEE\eeStudy)
2022-02-28 14:35:39.630  INFO 10612 --- [restartedMain] com.example.eestudy.EeStudyApplication   : No active profile set, falling back to 1 default profile: "default"
2022-02-28 14:35:39.676  INFO 10612 --- [restartedMain] .e.DevToolsPropertyDefaultsPostProcessor : Devtools property defaults active! Set 'spring.devtools.add-properties' to 'false' to disable
2022-02-28 14:35:39.677  INFO 10612 --- [restartedMain] .e.DevToolsPropertyDefaultsPostProcessor : For additional web related logging consider setting the 'logging.level.web' property to 'DEBUG'
2022-02-28 14:35:40.732  INFO 10612 --- [restartedMain] o.s.b.w.embedded.tomcat.TomcatWebServer  : Tomcat initialized with port(s): 8080 (http)
2022-02-28 14:35:40.740  INFO 10612 --- [restartedMain] o.apache.catalina.core.StandardService   : Starting service [Tomcat]
2022-02-28 14:35:40.740  INFO 10612 --- [restartedMain] org.apache.catalina.core.StandardEngine  : Starting Servlet engine: [Apache Tomcat/9.0.58]
2022-02-28 14:35:40.814  INFO 10612 --- [restartedMain] o.a.c.c.C.[Tomcat].[localhost].[/]       : Initializing Spring embedded WebApplicationContext
2022-02-28 14:35:40.815  INFO 10612 --- [restartedMain] w.s.c.ServletWebServerApplicationContext : Root WebApplicationContext: initialization completed in 1137 ms
2022-02-28 14:35:41.050  INFO 10612 --- [restartedMain] o.s.b.a.w.s.WelcomePageHandlerMapping    : Adding welcome page: class path resource [static/index.html]
2022-02-28 14:35:41.432  INFO 10612 --- [restartedMain] o.s.b.d.a.OptionalLiveReloadServer       : LiveReload server is running on port 35729
2022-02-28 14:35:41.468  INFO 10612 --- [restartedMain] o.s.b.w.embedded.tomcat.TomcatWebServer  : Tomcat started on port(s): 8080 (http) with context path ''
2022-02-28 14:35:41.477  INFO 10612 --- [restartedMain] com.example.eestudy.EeStudyApplication   : Started EeStudyApplication in 2.266 seconds (JVM running for 3.062)
2022-02-28 14:39:29.648  INFO 2236 --- [restartedMain] com.example.eestudy.EeStudyApplication   : Starting EeStudyApplication using Java 1.8.0_192 on HONOR-MAGICBOOK with PID 2236 (D:\Github\Java\JavaEE\eeStudy\target\classes started by wangfuming in D:\Github\Java\JavaEE\eeStudy)
2022-02-28 14:39:29.650  INFO 2236 --- [restartedMain] com.example.eestudy.EeStudyApplication   : No active profile set, falling back to 1 default profile: "default"
2022-02-28 14:39:29.684  INFO 2236 --- [restartedMain] .e.DevToolsPropertyDefaultsPostProcessor : Devtools property defaults active! Set 'spring.devtools.add-properties' to 'false' to disable
2022-02-28 14:39:29.684  INFO 2236 --- [restartedMain] .e.DevToolsPropertyDefaultsPostProcessor : For additional web related logging consider setting the 'logging.level.web' property to 'DEBUG'
2022-02-28 14:39:30.664  INFO 2236 --- [restartedMain] o.s.b.w.embedded.tomcat.TomcatWebServer  : Tomcat initialized with port(s): 8080 (http)
2022-02-28 14:39:30.676  INFO 2236 --- [restartedMain] o.apache.catalina.core.StandardService   : Starting service [Tomcat]
2022-02-28 14:39:30.676  INFO 2236 --- [restartedMain] org.apache.catalina.core.StandardEngine  : Starting Servlet engine: [Apache Tomcat/9.0.58]
2022-02-28 14:39:30.775  INFO 2236 --- [restartedMain] o.a.c.c.C.[Tomcat].[localhost].[/]       : Initializing Spring embedded WebApplicationContext
2022-02-28 14:39:30.775  INFO 2236 --- [restartedMain] w.s.c.ServletWebServerApplicationContext : Root WebApplicationContext: initialization completed in 1090 ms
2022-02-28 14:39:31.010  INFO 2236 --- [restartedMain] o.s.b.a.w.s.WelcomePageHandlerMapping    : Adding welcome page: class path resource [static/index.html]
2022-02-28 14:39:31.362  INFO 2236 --- [restartedMain] o.s.b.d.a.OptionalLiveReloadServer       : LiveReload server is running on port 35729
2022-02-28 14:39:31.400  INFO 2236 --- [restartedMain] o.s.b.w.embedded.tomcat.TomcatWebServer  : Tomcat started on port(s): 8080 (http) with context path ''
2022-02-28 14:39:31.411  INFO 2236 --- [restartedMain] com.example.eestudy.EeStudyApplication   : Started EeStudyApplication in 2.089 seconds (JVM running for 3.076)
2022-02-28 14:52:04.629  INFO 4872 --- [restartedMain] com.example.eestudy.EeStudyApplication   : Starting EeStudyApplication using Java 1.8.0_192 on HONOR-MAGICBOOK with PID 4872 (D:\Github\Java\JavaEE\eeStudy\target\classes started by wangfuming in D:\Github\Java\JavaEE\eeStudy)
2022-02-28 14:52:04.630  INFO 4872 --- [restartedMain] com.example.eestudy.EeStudyApplication   : No active profile set, falling back to 1 default profile: "default"
2022-02-28 14:52:04.685  INFO 4872 --- [restartedMain] .e.DevToolsPropertyDefaultsPostProcessor : Devtools property defaults active! Set 'spring.devtools.add-properties' to 'false' to disable
2022-02-28 14:52:04.685  INFO 4872 --- [restartedMain] .e.DevToolsPropertyDefaultsPostProcessor : For additional web related logging consider setting the 'logging.level.web' property to 'DEBUG'
2022-02-28 14:52:05.729  INFO 4872 --- [restartedMain] o.s.b.w.embedded.tomcat.TomcatWebServer  : Tomcat initialized with port(s): 8080 (http)
2022-02-28 14:52:05.736  INFO 4872 --- [restartedMain] o.apache.catalina.core.StandardService   : Starting service [Tomcat]
2022-02-28 14:52:05.737  INFO 4872 --- [restartedMain] org.apache.catalina.core.StandardEngine  : Starting Servlet engine: [Apache Tomcat/9.0.58]
2022-02-28 14:52:05.812  INFO 4872 --- [restartedMain] o.a.c.c.C.[Tomcat].[localhost].[/]       : Initializing Spring embedded WebApplicationContext
2022-02-28 14:52:05.812  INFO 4872 --- [restartedMain] w.s.c.ServletWebServerApplicationContext : Root WebApplicationContext: initialization completed in 1126 ms
2022-02-28 14:52:06.023  INFO 4872 --- [restartedMain] o.s.b.a.w.s.WelcomePageHandlerMapping    : Adding welcome page: class path resource [static/index.html]
2022-02-28 14:52:06.390  INFO 4872 --- [restartedMain] o.s.b.d.a.OptionalLiveReloadServer       : LiveReload server is running on port 35729
2022-02-28 14:52:06.422  INFO 4872 --- [restartedMain] o.s.b.w.embedded.tomcat.TomcatWebServer  : Tomcat started on port(s): 8080 (http) with context path ''
2022-02-28 14:52:06.431  INFO 4872 --- [restartedMain] com.example.eestudy.EeStudyApplication   : Started EeStudyApplication in 2.174 seconds (JVM running for 2.963)
2022-02-28 15:07:32.616  INFO 18048 --- [restartedMain] com.example.eestudy.EeStudyApplication   : Starting EeStudyApplication using Java 1.8.0_192 on HONOR-MAGICBOOK with PID 18048 (D:\Github\Java\JavaEE\eeStudy\target\classes started by wangfuming in D:\Github\Java\JavaEE\eeStudy)
2022-02-28 15:07:32.617  INFO 18048 --- [restartedMain] com.example.eestudy.EeStudyApplication   : No active profile set, falling back to 1 default profile: "default"
2022-02-28 15:07:32.676  INFO 18048 --- [restartedMain] .e.DevToolsPropertyDefaultsPostProcessor : Devtools property defaults active! Set 'spring.devtools.add-properties' to 'false' to disable
2022-02-28 15:07:32.677  INFO 18048 --- [restartedMain] .e.DevToolsPropertyDefaultsPostProcessor : For additional web related logging consider setting the 'logging.level.web' property to 'DEBUG'
2022-02-28 15:07:33.783  INFO 18048 --- [restartedMain] o.s.b.w.embedded.tomcat.TomcatWebServer  : Tomcat initialized with port(s): 8080 (http)
2022-02-28 15:07:33.791  INFO 18048 --- [restartedMain] o.apache.catalina.core.StandardService   : Starting service [Tomcat]
2022-02-28 15:07:33.791  INFO 18048 --- [restartedMain] org.apache.catalina.core.StandardEngine  : Starting Servlet engine: [Apache Tomcat/9.0.58]
2022-02-28 15:07:33.860  INFO 18048 --- [restartedMain] o.a.c.c.C.[Tomcat].[localhost].[/]       : Initializing Spring embedded WebApplicationContext
2022-02-28 15:07:33.860  INFO 18048 --- [restartedMain] w.s.c.ServletWebServerApplicationContext : Root WebApplicationContext: initialization completed in 1183 ms
2022-02-28 15:07:34.089  INFO 18048 --- [restartedMain] o.s.b.a.w.s.WelcomePageHandlerMapping    : Adding welcome page: class path resource [static/index.html]
2022-02-28 15:07:34.508  INFO 18048 --- [restartedMain] o.s.b.d.a.OptionalLiveReloadServer       : LiveReload server is running on port 35729
2022-02-28 15:07:34.540  INFO 18048 --- [restartedMain] o.s.b.w.embedded.tomcat.TomcatWebServer  : Tomcat started on port(s): 8080 (http) with context path ''
2022-02-28 15:07:34.551  INFO 18048 --- [restartedMain] com.example.eestudy.EeStudyApplication   : Started EeStudyApplication in 2.335 seconds (JVM running for 3.285)
2022-02-28 21:07:36.473  INFO 20948 --- [main] c.example.eestudy.dao.ArticleMapperTest  : Starting ArticleMapperTest using Java 1.8.0_192 on HONOR-MAGICBOOK with PID 20948 (started by wangfuming in D:\Github\Java\JavaEE\eeStudy)
2022-02-28 21:07:36.481  INFO 20948 --- [main] c.example.eestudy.dao.ArticleMapperTest  : No active profile set, falling back to 1 default profile: "default"
2022-02-28 21:07:38.319  INFO 20948 --- [main] o.s.b.a.w.s.WelcomePageHandlerMapping    : Adding welcome page: class path resource [static/index.html]
2022-02-28 21:07:39.874  INFO 20948 --- [main] c.example.eestudy.dao.ArticleMapperTest  : Started ArticleMapperTest in 3.871 seconds (JVM running for 5.359)
2022-02-28 21:07:40.873  INFO 20948 --- [main] com.zaxxer.hikari.HikariDataSource       : HikariPool-1 - Starting...
2022-02-28 21:07:40.889  WARN 20948 --- [main] com.zaxxer.hikari.util.DriverDataSource  : Registered driver with driverClassName=com.mysql.jdbc.Driver was not found, trying direct instantiation.
2022-02-28 21:07:41.416  INFO 20948 --- [main] com.zaxxer.hikari.HikariDataSource       : HikariPool-1 - Start completed.
2022-02-28 21:07:41.571  INFO 20948 --- [SpringApplicationShutdownHook] com.zaxxer.hikari.HikariDataSource       : HikariPool-1 - Shutdown initiated...
2022-02-28 21:07:41.592  INFO 20948 --- [SpringApplicationShutdownHook] com.zaxxer.hikari.HikariDataSource       : HikariPool-1 - Shutdown completed.
2022-02-28 21:08:31.803  INFO 12796 --- [main] c.example.eestudy.dao.ArticleMapperTest  : Starting ArticleMapperTest using Java 1.8.0_192 on HONOR-MAGICBOOK with PID 12796 (started by wangfuming in D:\Github\Java\JavaEE\eeStudy)
2022-02-28 21:08:31.806  INFO 12796 --- [main] c.example.eestudy.dao.ArticleMapperTest  : No active profile set, falling back to 1 default profile: "default"
2022-02-28 21:08:33.494  INFO 12796 --- [main] o.s.b.a.w.s.WelcomePageHandlerMapping    : Adding welcome page: class path resource [static/index.html]
2022-02-28 21:08:34.302  INFO 12796 --- [main] c.example.eestudy.dao.ArticleMapperTest  : Started ArticleMapperTest in 2.847 seconds (JVM running for 4.08)
2022-02-28 21:08:34.565  INFO 12796 --- [main] com.zaxxer.hikari.HikariDataSource       : HikariPool-1 - Starting...
2022-02-28 21:08:34.572  WARN 12796 --- [main] com.zaxxer.hikari.util.DriverDataSource  : Registered driver with driverClassName=com.mysql.jdbc.Driver was not found, trying direct instantiation.
2022-02-28 21:08:34.763  INFO 12796 --- [main] com.zaxxer.hikari.HikariDataSource       : HikariPool-1 - Start completed.
2022-02-28 21:08:34.912  INFO 12796 --- [SpringApplicationShutdownHook] com.zaxxer.hikari.HikariDataSource       : HikariPool-1 - Shutdown initiated...
2022-02-28 21:08:34.926  INFO 12796 --- [SpringApplicationShutdownHook] com.zaxxer.hikari.HikariDataSource       : HikariPool-1 - Shutdown completed.
2022-02-28 21:09:06.789  INFO 10172 --- [main] c.example.eestudy.dao.ArticleMapperTest  : Starting ArticleMapperTest using Java 1.8.0_192 on HONOR-MAGICBOOK with PID 10172 (started by wangfuming in D:\Github\Java\JavaEE\eeStudy)
2022-02-28 21:09:06.791  INFO 10172 --- [main] c.example.eestudy.dao.ArticleMapperTest  : No active profile set, falling back to 1 default profile: "default"
2022-02-28 21:09:08.391  INFO 10172 --- [main] o.s.b.a.w.s.WelcomePageHandlerMapping    : Adding welcome page: class path resource [static/index.html]
2022-02-28 21:09:09.047  INFO 10172 --- [main] c.example.eestudy.dao.ArticleMapperTest  : Started ArticleMapperTest in 2.612 seconds (JVM running for 3.738)
2022-02-28 21:09:09.328  INFO 10172 --- [main] com.zaxxer.hikari.HikariDataSource       : HikariPool-1 - Starting...
2022-02-28 21:09:09.334  WARN 10172 --- [main] com.zaxxer.hikari.util.DriverDataSource  : Registered driver with driverClassName=com.mysql.jdbc.Driver was not found, trying direct instantiation.
2022-02-28 21:09:09.524  INFO 10172 --- [main] com.zaxxer.hikari.HikariDataSource       : HikariPool-1 - Start completed.
2022-02-28 21:09:09.624  INFO 10172 --- [SpringApplicationShutdownHook] com.zaxxer.hikari.HikariDataSource       : HikariPool-1 - Shutdown initiated...
2022-02-28 21:09:09.635  INFO 10172 --- [SpringApplicationShutdownHook] com.zaxxer.hikari.HikariDataSource       : HikariPool-1 - Shutdown completed.
2022-02-28 21:09:27.994  INFO 18792 --- [main] c.example.eestudy.dao.ArticleMapperTest  : Starting ArticleMapperTest using Java 1.8.0_192 on HONOR-MAGICBOOK with PID 18792 (started by wangfuming in D:\Github\Java\JavaEE\eeStudy)
2022-02-28 21:09:27.996  INFO 18792 --- [main] c.example.eestudy.dao.ArticleMapperTest  : No active profile set, falling back to 1 default profile: "default"
2022-02-28 21:09:29.527  INFO 18792 --- [main] o.s.b.a.w.s.WelcomePageHandlerMapping    : Adding welcome page: class path resource [static/index.html]
2022-02-28 21:09:30.168  INFO 18792 --- [main] c.example.eestudy.dao.ArticleMapperTest  : Started ArticleMapperTest in 2.513 seconds (JVM running for 3.646)
2022-02-28 21:09:30.458  INFO 18792 --- [main] com.zaxxer.hikari.HikariDataSource       : HikariPool-1 - Starting...
2022-02-28 21:09:30.463  WARN 18792 --- [main] com.zaxxer.hikari.util.DriverDataSource  : Registered driver with driverClassName=com.mysql.jdbc.Driver was not found, trying direct instantiation.
2022-02-28 21:09:30.643  INFO 18792 --- [main] com.zaxxer.hikari.HikariDataSource       : HikariPool-1 - Start completed.
2022-02-28 21:09:30.773  INFO 18792 --- [SpringApplicationShutdownHook] com.zaxxer.hikari.HikariDataSource       : HikariPool-1 - Shutdown initiated...
2022-02-28 21:09:30.784  INFO 18792 --- [SpringApplicationShutdownHook] com.zaxxer.hikari.HikariDataSource       : HikariPool-1 - Shutdown completed.
2022-02-28 21:10:41.135  INFO 7212 --- [main] c.example.eestudy.dao.ArticleMapperTest  : Starting ArticleMapperTest using Java 1.8.0_192 on HONOR-MAGICBOOK with PID 7212 (started by wangfuming in D:\Github\Java\JavaEE\eeStudy)
2022-02-28 21:10:41.137  INFO 7212 --- [main] c.example.eestudy.dao.ArticleMapperTest  : No active profile set, falling back to 1 default profile: "default"
2022-02-28 21:10:42.948  INFO 7212 --- [main] o.s.b.a.w.s.WelcomePageHandlerMapping    : Adding welcome page: class path resource [static/index.html]
2022-02-28 21:10:43.632  INFO 7212 --- [main] c.example.eestudy.dao.ArticleMapperTest  : Started ArticleMapperTest in 2.863 seconds (JVM running for 4.428)
2022-02-28 21:10:43.928  INFO 7212 --- [main] com.zaxxer.hikari.HikariDataSource       : HikariPool-1 - Starting...
2022-02-28 21:10:43.933  WARN 7212 --- [main] com.zaxxer.hikari.util.DriverDataSource  : Registered driver with driverClassName=com.mysql.jdbc.Driver was not found, trying direct instantiation.
2022-02-28 21:10:44.145  INFO 7212 --- [main] com.zaxxer.hikari.HikariDataSource       : HikariPool-1 - Start completed.
2022-02-28 21:10:44.233  INFO 7212 --- [SpringApplicationShutdownHook] com.zaxxer.hikari.HikariDataSource       : HikariPool-1 - Shutdown initiated...
2022-02-28 21:10:44.242  INFO 7212 --- [SpringApplicationShutdownHook] com.zaxxer.hikari.HikariDataSource       : HikariPool-1 - Shutdown completed.
2022-02-28 21:14:35.908  INFO 12024 --- [main] c.example.eestudy.dao.ArticleMapperTest  : Starting ArticleMapperTest using Java 1.8.0_192 on HONOR-MAGICBOOK with PID 12024 (started by wangfuming in D:\Github\Java\JavaEE\eeStudy)
2022-02-28 21:14:35.910  INFO 12024 --- [main] c.example.eestudy.dao.ArticleMapperTest  : No active profile set, falling back to 1 default profile: "default"
2022-02-28 21:14:37.692  INFO 12024 --- [main] o.s.b.a.w.s.WelcomePageHandlerMapping    : Adding welcome page: class path resource [static/index.html]
2022-02-28 21:14:38.311  INFO 12024 --- [main] c.example.eestudy.dao.ArticleMapperTest  : Started ArticleMapperTest in 2.855 seconds (JVM running for 4.06)
2022-02-28 21:15:16.929  INFO 7884 --- [main] c.example.eestudy.dao.ArticleMapperTest  : Starting ArticleMapperTest using Java 1.8.0_192 on HONOR-MAGICBOOK with PID 7884 (started by wangfuming in D:\Github\Java\JavaEE\eeStudy)
2022-02-28 21:15:16.931  INFO 7884 --- [main] c.example.eestudy.dao.ArticleMapperTest  : No active profile set, falling back to 1 default profile: "default"
2022-02-28 21:15:18.546  INFO 7884 --- [main] o.s.b.a.w.s.WelcomePageHandlerMapping    : Adding welcome page: class path resource [static/index.html]
2022-02-28 21:15:19.182  INFO 7884 --- [main] c.example.eestudy.dao.ArticleMapperTest  : Started ArticleMapperTest in 2.598 seconds (JVM running for 3.745)
2022-02-28 21:15:19.468  INFO 7884 --- [main] com.zaxxer.hikari.HikariDataSource       : HikariPool-1 - Starting...
2022-02-28 21:15:19.473  WARN 7884 --- [main] com.zaxxer.hikari.util.DriverDataSource  : Registered driver with driverClassName=com.mysql.jdbc.Driver was not found, trying direct instantiation.
2022-02-28 21:15:19.648  INFO 7884 --- [main] com.zaxxer.hikari.HikariDataSource       : HikariPool-1 - Start completed.
2022-02-28 21:15:19.736  INFO 7884 --- [SpringApplicationShutdownHook] com.zaxxer.hikari.HikariDataSource       : HikariPool-1 - Shutdown initiated...
2022-02-28 21:15:19.746  INFO 7884 --- [SpringApplicationShutdownHook] com.zaxxer.hikari.HikariDataSource       : HikariPool-1 - Shutdown completed.
2022-02-28 21:17:47.481  INFO 19844 --- [main] c.example.eestudy.dao.ArticleMapperTest  : Starting ArticleMapperTest using Java 1.8.0_192 on HONOR-MAGICBOOK with PID 19844 (started by wangfuming in D:\Github\Java\JavaEE\eeStudy)
2022-02-28 21:17:47.483  INFO 19844 --- [main] c.example.eestudy.dao.ArticleMapperTest  : No active profile set, falling back to 1 default profile: "default"
2022-02-28 21:17:49.037  INFO 19844 --- [main] o.s.b.a.w.s.WelcomePageHandlerMapping    : Adding welcome page: class path resource [static/index.html]
2022-02-28 21:17:49.716  INFO 19844 --- [main] c.example.eestudy.dao.ArticleMapperTest  : Started ArticleMapperTest in 2.578 seconds (JVM running for 3.747)
2022-02-28 21:20:31.979  INFO 18168 --- [main] c.example.eestudy.dao.ArticleMapperTest  : Starting ArticleMapperTest using Java 1.8.0_192 on HONOR-MAGICBOOK with PID 18168 (started by wangfuming in D:\Github\Java\JavaEE\eeStudy)
2022-02-28 21:20:31.982  INFO 18168 --- [main] c.example.eestudy.dao.ArticleMapperTest  : No active profile set, falling back to 1 default profile: "default"
2022-02-28 21:20:34.099  INFO 18168 --- [main] o.s.b.a.w.s.WelcomePageHandlerMapping    : Adding welcome page: class path resource [static/index.html]
2022-02-28 21:20:34.898  INFO 18168 --- [main] c.example.eestudy.dao.ArticleMapperTest  : Started ArticleMapperTest in 3.343 seconds (JVM running for 4.629)
2022-02-28 21:20:35.336  INFO 18168 --- [main] com.zaxxer.hikari.HikariDataSource       : HikariPool-1 - Starting...
2022-02-28 21:20:35.340  WARN 18168 --- [main] com.zaxxer.hikari.util.DriverDataSource  : Registered driver with driverClassName=com.mysql.jdbc.Driver was not found, trying direct instantiation.
2022-02-28 21:20:35.581  INFO 18168 --- [main] com.zaxxer.hikari.HikariDataSource       : HikariPool-1 - Start completed.
2022-02-28 21:20:35.756  INFO 18168 --- [SpringApplicationShutdownHook] com.zaxxer.hikari.HikariDataSource       : HikariPool-1 - Shutdown initiated...
2022-02-28 21:20:35.770  INFO 18168 --- [SpringApplicationShutdownHook] com.zaxxer.hikari.HikariDataSource       : HikariPool-1 - Shutdown completed.
2022-02-28 21:22:19.523  INFO 18708 --- [main] c.example.eestudy.dao.ArticleMapperTest  : Starting ArticleMapperTest using Java 1.8.0_192 on HONOR-MAGICBOOK with PID 18708 (started by wangfuming in D:\Github\Java\JavaEE\eeStudy)
2022-02-28 21:22:19.525  INFO 18708 --- [main] c.example.eestudy.dao.ArticleMapperTest  : No active profile set, falling back to 1 default profile: "default"
2022-02-28 21:22:21.425  INFO 18708 --- [main] o.s.b.a.w.s.WelcomePageHandlerMapping    : Adding welcome page: class path resource [static/index.html]
2022-02-28 21:22:22.171  INFO 18708 --- [main] c.example.eestudy.dao.ArticleMapperTest  : Started ArticleMapperTest in 3.14 seconds (JVM running for 4.566)
2022-02-28 21:22:22.562  INFO 18708 --- [main] com.zaxxer.hikari.HikariDataSource       : HikariPool-1 - Starting...
2022-02-28 21:22:22.571  WARN 18708 --- [main] com.zaxxer.hikari.util.DriverDataSource  : Registered driver with driverClassName=com.mysql.jdbc.Driver was not found, trying direct instantiation.
2022-02-28 21:22:22.775  INFO 18708 --- [main] com.zaxxer.hikari.HikariDataSource       : HikariPool-1 - Start completed.
2022-02-28 21:22:22.943  INFO 18708 --- [SpringApplicationShutdownHook] com.zaxxer.hikari.HikariDataSource       : HikariPool-1 - Shutdown initiated...
2022-02-28 21:22:22.964  INFO 18708 --- [SpringApplicationShutdownHook] com.zaxxer.hikari.HikariDataSource       : HikariPool-1 - Shutdown completed.
2022-02-28 21:25:39.969  INFO 20740 --- [main] c.example.eestudy.dao.ArticleMapperTest  : Starting ArticleMapperTest using Java 1.8.0_192 on HONOR-MAGICBOOK with PID 20740 (started by wangfuming in D:\Github\Java\JavaEE\eeStudy)
2022-02-28 21:25:39.971  INFO 20740 --- [main] c.example.eestudy.dao.ArticleMapperTest  : No active profile set, falling back to 1 default profile: "default"
2022-02-28 21:25:41.671  INFO 20740 --- [main] o.s.b.a.w.s.WelcomePageHandlerMapping    : Adding welcome page: class path resource [static/index.html]
2022-02-28 21:25:42.302  INFO 20740 --- [main] c.example.eestudy.dao.ArticleMapperTest  : Started ArticleMapperTest in 2.722 seconds (JVM running for 3.842)
2022-02-28 21:25:42.593  INFO 20740 --- [main] com.zaxxer.hikari.HikariDataSource       : HikariPool-1 - Starting...
2022-02-28 21:25:42.597  WARN 20740 --- [main] com.zaxxer.hikari.util.DriverDataSource  : Registered driver with driverClassName=com.mysql.jdbc.Driver was not found, trying direct instantiation.
2022-02-28 21:25:42.778  INFO 20740 --- [main] com.zaxxer.hikari.HikariDataSource       : HikariPool-1 - Start completed.
2022-02-28 21:25:42.844  INFO 20740 --- [SpringApplicationShutdownHook] com.zaxxer.hikari.HikariDataSource       : HikariPool-1 - Shutdown initiated...
2022-02-28 21:25:42.855  INFO 20740 --- [SpringApplicationShutdownHook] com.zaxxer.hikari.HikariDataSource       : HikariPool-1 - Shutdown completed.
2022-02-28 21:26:21.093  INFO 16880 --- [main] c.example.eestudy.dao.ArticleMapperTest  : Starting ArticleMapperTest using Java 1.8.0_192 on HONOR-MAGICBOOK with PID 16880 (started by wangfuming in D:\Github\Java\JavaEE\eeStudy)
2022-02-28 21:26:21.095  INFO 16880 --- [main] c.example.eestudy.dao.ArticleMapperTest  : No active profile set, falling back to 1 default profile: "default"
2022-02-28 21:26:22.645  INFO 16880 --- [main] o.s.b.a.w.s.WelcomePageHandlerMapping    : Adding welcome page: class path resource [static/index.html]
2022-02-28 21:26:23.232  INFO 16880 --- [main] c.example.eestudy.dao.ArticleMapperTest  : Started ArticleMapperTest in 2.496 seconds (JVM running for 3.879)
2022-02-28 21:26:23.515  INFO 16880 --- [main] com.zaxxer.hikari.HikariDataSource       : HikariPool-1 - Starting...
2022-02-28 21:26:23.520  WARN 16880 --- [main] com.zaxxer.hikari.util.DriverDataSource  : Registered driver with driverClassName=com.mysql.jdbc.Driver was not found, trying direct instantiation.
2022-02-28 21:26:23.689  INFO 16880 --- [main] com.zaxxer.hikari.HikariDataSource       : HikariPool-1 - Start completed.
2022-02-28 21:26:23.749  INFO 16880 --- [SpringApplicationShutdownHook] com.zaxxer.hikari.HikariDataSource       : HikariPool-1 - Shutdown initiated...
2022-02-28 21:26:23.759  INFO 16880 --- [SpringApplicationShutdownHook] com.zaxxer.hikari.HikariDataSource       : HikariPool-1 - Shutdown completed.
2022-02-28 21:28:12.505  INFO 17916 --- [main] c.example.eestudy.dao.ArticleMapperTest  : Starting ArticleMapperTest using Java 1.8.0_192 on HONOR-MAGICBOOK with PID 17916 (started by wangfuming in D:\Github\Java\JavaEE\eeStudy)
2022-02-28 21:28:12.507  INFO 17916 --- [main] c.example.eestudy.dao.ArticleMapperTest  : No active profile set, falling back to 1 default profile: "default"
2022-02-28 21:28:14.298  INFO 17916 --- [main] o.s.b.a.w.s.WelcomePageHandlerMapping    : Adding welcome page: class path resource [static/index.html]
2022-02-28 21:28:14.908  INFO 17916 --- [main] c.example.eestudy.dao.ArticleMapperTest  : Started ArticleMapperTest in 2.748 seconds (JVM running for 3.884)
2022-02-28 21:28:15.192  INFO 17916 --- [main] com.zaxxer.hikari.HikariDataSource       : HikariPool-1 - Starting...
2022-02-28 21:28:15.196  WARN 17916 --- [main] com.zaxxer.hikari.util.DriverDataSource  : Registered driver with driverClassName=com.mysql.jdbc.Driver was not found, trying direct instantiation.
2022-02-28 21:28:15.375  INFO 17916 --- [main] com.zaxxer.hikari.HikariDataSource       : HikariPool-1 - Start completed.
2022-02-28 21:28:15.524  INFO 17916 --- [SpringApplicationShutdownHook] com.zaxxer.hikari.HikariDataSource       : HikariPool-1 - Shutdown initiated...
2022-02-28 21:28:15.540  INFO 17916 --- [SpringApplicationShutdownHook] com.zaxxer.hikari.HikariDataSource       : HikariPool-1 - Shutdown completed.
2022-02-28 21:28:39.444  INFO 13296 --- [main] c.example.eestudy.dao.ArticleMapperTest  : Starting ArticleMapperTest using Java 1.8.0_192 on HONOR-MAGICBOOK with PID 13296 (started by wangfuming in D:\Github\Java\JavaEE\eeStudy)
2022-02-28 21:28:39.446  INFO 13296 --- [main] c.example.eestudy.dao.ArticleMapperTest  : No active profile set, falling back to 1 default profile: "default"
2022-02-28 21:28:40.949  INFO 13296 --- [main] o.s.b.a.w.s.WelcomePageHandlerMapping    : Adding welcome page: class path resource [static/index.html]
2022-02-28 21:28:41.580  INFO 13296 --- [main] c.example.eestudy.dao.ArticleMapperTest  : Started ArticleMapperTest in 2.509 seconds (JVM running for 3.643)
2022-02-28 21:28:41.859  INFO 13296 --- [main] com.zaxxer.hikari.HikariDataSource       : HikariPool-1 - Starting...
2022-02-28 21:28:41.865  WARN 13296 --- [main] com.zaxxer.hikari.util.DriverDataSource  : Registered driver with driverClassName=com.mysql.jdbc.Driver was not found, trying direct instantiation.
2022-02-28 21:28:42.028  INFO 13296 --- [main] com.zaxxer.hikari.HikariDataSource       : HikariPool-1 - Start completed.
2022-02-28 21:28:42.160  INFO 13296 --- [SpringApplicationShutdownHook] com.zaxxer.hikari.HikariDataSource       : HikariPool-1 - Shutdown initiated...
2022-02-28 21:28:42.168  INFO 13296 --- [SpringApplicationShutdownHook] com.zaxxer.hikari.HikariDataSource       : HikariPool-1 - Shutdown completed.
2022-02-28 21:29:12.182  INFO 21224 --- [main] c.example.eestudy.dao.ArticleMapperTest  : Starting ArticleMapperTest using Java 1.8.0_192 on HONOR-MAGICBOOK with PID 21224 (started by wangfuming in D:\Github\Java\JavaEE\eeStudy)
2022-02-28 21:29:12.184  INFO 21224 --- [main] c.example.eestudy.dao.ArticleMapperTest  : No active profile set, falling back to 1 default profile: "default"
2022-02-28 21:29:13.691  INFO 21224 --- [main] o.s.b.a.w.s.WelcomePageHandlerMapping    : Adding welcome page: class path resource [static/index.html]
2022-02-28 21:29:14.339  INFO 21224 --- [main] c.example.eestudy.dao.ArticleMapperTest  : Started ArticleMapperTest in 2.515 seconds (JVM running for 3.701)
2022-02-28 21:29:14.621  INFO 21224 --- [main] com.zaxxer.hikari.HikariDataSource       : HikariPool-1 - Starting...
2022-02-28 21:29:14.626  WARN 21224 --- [main] com.zaxxer.hikari.util.DriverDataSource  : Registered driver with driverClassName=com.mysql.jdbc.Driver was not found, trying direct instantiation.
2022-02-28 21:29:14.818  INFO 21224 --- [main] com.zaxxer.hikari.HikariDataSource       : HikariPool-1 - Start completed.
2022-02-28 21:29:14.888  INFO 21224 --- [SpringApplicationShutdownHook] com.zaxxer.hikari.HikariDataSource       : HikariPool-1 - Shutdown initiated...
2022-02-28 21:29:14.898  INFO 21224 --- [SpringApplicationShutdownHook] com.zaxxer.hikari.HikariDataSource       : HikariPool-1 - Shutdown completed.
2022-02-28 22:12:48.318  INFO 12628 --- [restartedMain] com.example.eestudy.EeStudyApplication   : Starting EeStudyApplication using Java 1.8.0_192 on HONOR-MAGICBOOK with PID 12628 (D:\Github\Java\JavaEE\eeStudy\target\classes started by wangfuming in D:\Github\Java\JavaEE\eeStudy)
2022-02-28 22:12:48.320  INFO 12628 --- [restartedMain] com.example.eestudy.EeStudyApplication   : No active profile set, falling back to 1 default profile: "default"
2022-02-28 22:12:48.362  INFO 12628 --- [restartedMain] .e.DevToolsPropertyDefaultsPostProcessor : Devtools property defaults active! Set 'spring.devtools.add-properties' to 'false' to disable
2022-02-28 22:12:48.362  INFO 12628 --- [restartedMain] .e.DevToolsPropertyDefaultsPostProcessor : For additional web related logging consider setting the 'logging.level.web' property to 'DEBUG'
2022-02-28 22:12:49.430  INFO 12628 --- [restartedMain] o.s.b.w.embedded.tomcat.TomcatWebServer  : Tomcat initialized with port(s): 8080 (http)
2022-02-28 22:12:49.439  INFO 12628 --- [restartedMain] o.apache.catalina.core.StandardService   : Starting service [Tomcat]
2022-02-28 22:12:49.439  INFO 12628 --- [restartedMain] org.apache.catalina.core.StandardEngine  : Starting Servlet engine: [Apache Tomcat/9.0.58]
2022-02-28 22:12:49.508  INFO 12628 --- [restartedMain] o.a.c.c.C.[Tomcat].[localhost].[/]       : Initializing Spring embedded WebApplicationContext
2022-02-28 22:12:49.508  INFO 12628 --- [restartedMain] w.s.c.ServletWebServerApplicationContext : Root WebApplicationContext: initialization completed in 1146 ms
2022-02-28 22:12:49.739  INFO 12628 --- [restartedMain] o.s.b.a.w.s.WelcomePageHandlerMapping    : Adding welcome page: class path resource [static/index.html]
2022-02-28 22:12:50.125  INFO 12628 --- [restartedMain] o.s.b.d.a.OptionalLiveReloadServer       : LiveReload server is running on port 35729
2022-02-28 22:12:50.154  INFO 12628 --- [restartedMain] o.s.b.w.embedded.tomcat.TomcatWebServer  : Tomcat started on port(s): 8080 (http) with context path ''
2022-02-28 22:12:50.165  INFO 12628 --- [restartedMain] com.example.eestudy.EeStudyApplication   : Started EeStudyApplication in 2.221 seconds (JVM running for 3.043)
2022-02-28 22:12:50.351  WARN 12628 --- [restartedMain] o.s.c.s.ClassPathXmlApplicationContext   : Exception encountered during context initialization - cancelling refresh attempt: org.springframework.beans.factory.BeanCreationException: Error creating bean with name 'dataSource' defined in class path resource [org/springframework/boot/autoconfigure/jdbc/DataSourceConfiguration$Hikari.class]: Bean instantiation via factory method failed; nested exception is org.springframework.beans.BeanInstantiationException: Failed to instantiate [com.zaxxer.hikari.HikariDataSource]: Factory method 'dataSource' threw exception; nested exception is org.springframework.boot.autoconfigure.jdbc.DataSourceProperties$DataSourceBeanCreationException: Failed to determine a suitable driver class
2022-02-28 22:13:14.516  INFO 16424 --- [restartedMain] com.example.eestudy.EeStudyApplication   : Starting EeStudyApplication using Java 1.8.0_192 on HONOR-MAGICBOOK with PID 16424 (D:\Github\Java\JavaEE\eeStudy\target\classes started by wangfuming in D:\Github\Java\JavaEE\eeStudy)
2022-02-28 22:13:14.517  INFO 16424 --- [restartedMain] com.example.eestudy.EeStudyApplication   : No active profile set, falling back to 1 default profile: "default"
2022-02-28 22:13:14.563  INFO 16424 --- [restartedMain] .e.DevToolsPropertyDefaultsPostProcessor : Devtools property defaults active! Set 'spring.devtools.add-properties' to 'false' to disable
2022-02-28 22:13:14.563  INFO 16424 --- [restartedMain] .e.DevToolsPropertyDefaultsPostProcessor : For additional web related logging consider setting the 'logging.level.web' property to 'DEBUG'
2022-02-28 22:13:15.563  INFO 16424 --- [restartedMain] o.s.b.w.embedded.tomcat.TomcatWebServer  : Tomcat initialized with port(s): 8080 (http)
2022-02-28 22:13:15.568  INFO 16424 --- [restartedMain] o.apache.catalina.core.StandardService   : Starting service [Tomcat]
2022-02-28 22:13:15.569  INFO 16424 --- [restartedMain] org.apache.catalina.core.StandardEngine  : Starting Servlet engine: [Apache Tomcat/9.0.58]
2022-02-28 22:13:15.628  INFO 16424 --- [restartedMain] o.a.c.c.C.[Tomcat].[localhost].[/]       : Initializing Spring embedded WebApplicationContext
2022-02-28 22:13:15.628  INFO 16424 --- [restartedMain] w.s.c.ServletWebServerApplicationContext : Root WebApplicationContext: initialization completed in 1064 ms
2022-02-28 22:13:15.821  INFO 16424 --- [restartedMain] o.s.b.a.w.s.WelcomePageHandlerMapping    : Adding welcome page: class path resource [static/index.html]
2022-02-28 22:13:16.215  INFO 16424 --- [restartedMain] o.s.b.d.a.OptionalLiveReloadServer       : LiveReload server is running on port 35729
2022-02-28 22:13:16.244  INFO 16424 --- [restartedMain] o.s.b.w.embedded.tomcat.TomcatWebServer  : Tomcat started on port(s): 8080 (http) with context path ''
2022-02-28 22:13:16.253  INFO 16424 --- [restartedMain] com.example.eestudy.EeStudyApplication   : Started EeStudyApplication in 2.134 seconds (JVM running for 3.162)
