#
# There is insufficient memory for the Java Runtime Environment to continue.
# Native memory allocation (malloc) failed to allocate 1048576 bytes for AllocateHeap
# Possible reasons:
#   The system is out of physical RAM or swap space
#   The process is running with CompressedOops enabled, and the Java Heap may be blocking the growth of the native heap
# Possible solutions:
#   Reduce memory load on the system
#   Increase physical memory or swap space
#   Check if swap backing store is full
#   Decrease Java heap size (-Xmx/-Xms)
#   Decrease number of Java threads
#   Decrease Java thread stack sizes (-Xss)
#   Set larger code cache with -XX:ReservedCodeCacheSize=
#   JVM is running with Unscaled Compressed Oops mode in which the Java heap is
#     placed in the first 4GB address space. The Java Heap base address is the
#     maximum limit for the native heap growth. Please use -XX:HeapBaseMinAddress
#     to set the Java Heap base and to place the Java Heap above 4GB virtual address.
# This output file may be truncated or incomplete.
#
#  Out of Memory Error (memory/allocation.inline.hpp:61), pid=1532, tid=0x00000000000039f4
#
# JRE version:  (8.0_192-b12) (build )
# Java VM: Java HotSpot(TM) 64-Bit Server VM (25.192-b12 mixed mode windows-amd64 compressed oops)
# Failed to write core dump. Minidumps are not enabled by default on client versions of Windows
#

---------------  T H R E A D  ---------------

Current thread (0x000000000287e800):  JavaThread "Unknown thread" [_thread_in_vm, id=14836, stack(0x0000000002690000,0x0000000002790000)]

Stack: [0x0000000002690000,0x0000000002790000]
[error occurred during error reporting (printing stack bounds), id 0xc0000005]

Native frames: (J=compiled Java code, j=interpreted, Vv=VM code, C=native code)


---------------  P R O C E S S  ---------------

Java Threads: ( => current thread )

Other Threads:

=>0x000000000287e800 (exited) JavaThread "Unknown thread" [_thread_in_vm, id=14836, stack(0x0000000002690000,0x0000000002790000)]

VM state:not at safepoint (normal execution)

VM Mutex/Monitor currently owned by a thread: None

heap address: 0x0000000082600000, size: 2010 MB, Compressed Oops mode: 32-bit
Narrow klass base: 0x0000000000000000, Narrow klass shift: 3
Compressed class space size: 1073741824 Address: 0x0000000100000000

Heap:
 PSYoungGen      total 37888K, used 655K [0x00000000d6200000, 0x00000000d8c00000, 0x0000000100000000)
  eden space 32768K, 2% used [0x00000000d6200000,0x00000000d62a3d80,0x00000000d8200000)
  from space 5120K, 0% used [0x00000000d8700000,0x00000000d8700000,0x00000000d8c00000)
  to   space 5120K, 0% used [0x00000000d8200000,0x00000000d8200000,0x00000000d8700000)
 ParOldGen       total 86016K, used 0K [0x0000000082600000, 0x0000000087a00000, 0x00000000d6200000)
  object space 86016K, 0% used [0x0000000082600000,0x0000000082600000,0x0000000087a00000)
 Metaspace       used 786K, capacity 4480K, committed 4480K, reserved 1056768K
  class space    used 76K, capacity 384K, committed 384K, reserved 1048576K

Card table byte_map: [0x0000000011e50000,0x0000000012240000] byte_map_base: 0x0000000011a3d000

Marking Bits: (ParMarkBitMap*) 0x00000000537d3ce0
 Begin Bits: [0x0000000012ce0000, 0x0000000014c48000)
 End Bits:   [0x0000000014c48000, 0x0000000016bb0000)

Polling page: 0x0000000000590000

CodeCache: size=245760Kb used=328Kb max_used=328Kb free=245431Kb
 bounds [0x0000000002a90000, 0x0000000002d00000, 0x0000000011a90000]
 total_blobs=58 nmethods=0 adapters=38
 compilation: enabled

Compilation events (0 events):
No events

GC Heap History (0 events):
No events

Deoptimization events (0 events):
No events

Classes redefined (0 events):
No events

Internal exceptions (0 events):
No events

Events (10 events):
Event: 0.039 loading class java/lang/Short
Event: 0.039 loading class java/lang/Short done
Event: 0.039 loading class java/lang/Integer
Event: 0.040 loading class java/lang/Integer done
Event: 0.040 loading class java/lang/Long
Event: 0.040 loading class java/lang/Long done
Event: 0.041 loading class java/lang/NullPointerException
Event: 0.041 loading class java/lang/NullPointerException done
Event: 0.041 loading class java/lang/ArithmeticException
Event: 0.041 loading class java/lang/ArithmeticException done


Dynamic libraries:
0x00007ff619c00000 - 0x00007ff619c37000 	C:\Program Files\Java\jdk1.8.0_192\bin\java.exe
0x00007ffb05720000 - 0x00007ffb05927000 	C:\WINDOWS\SYSTEM32\ntdll.dll
0x00007ffb048a0000 - 0x00007ffb0495d000 	C:\WINDOWS\System32\KERNEL32.DLL
0x00007ffb03110000 - 0x00007ffb03484000 	C:\WINDOWS\System32\KERNELBASE.dll
0x00007ffb04e10000 - 0x00007ffb04ebc000 	C:\WINDOWS\System32\ADVAPI32.dll
0x00007ffb03620000 - 0x00007ffb036c3000 	C:\WINDOWS\System32\msvcrt.dll
0x00007ffb049a0000 - 0x00007ffb04a3d000 	C:\WINDOWS\System32\sechost.dll
0x00007ffb05400000 - 0x00007ffb05521000 	C:\WINDOWS\System32\RPCRT4.dll
0x00007ffb05530000 - 0x00007ffb056dc000 	C:\WINDOWS\System32\USER32.dll
0x00007ffb02ed0000 - 0x00007ffb02ef6000 	C:\WINDOWS\System32\win32u.dll
0x00007ffb036d0000 - 0x00007ffb036f9000 	C:\WINDOWS\System32\GDI32.dll
0x00007ffb03490000 - 0x00007ffb035a2000 	C:\WINDOWS\System32\gdi32full.dll
0x00007ffb02d70000 - 0x00007ffb02e0d000 	C:\WINDOWS\System32\msvcp_win.dll
0x00007ffb02f70000 - 0x00007ffb03081000 	C:\WINDOWS\System32\ucrtbase.dll
0x00007ffae2960000 - 0x00007ffae2c05000 	C:\WINDOWS\WinSxS\amd64_microsoft.windows.common-controls_6595b64144ccf1df_6.0.22000.120_none_9d947278b86cc467\COMCTL32.dll
0x00007ffb04960000 - 0x00007ffb04991000 	C:\WINDOWS\System32\IMM32.DLL
0x00000000540f0000 - 0x00000000541c1000 	C:\Program Files\Java\jdk1.8.0_192\jre\bin\msvcr100.dll
0x0000000052fb0000 - 0x0000000053853000 	C:\Program Files\Java\jdk1.8.0_192\jre\bin\server\jvm.dll
0x00007ffb03f60000 - 0x00007ffb03f68000 	C:\WINDOWS\System32\PSAPI.DLL
0x00007ffafb880000 - 0x00007ffafb889000 	C:\WINDOWS\SYSTEM32\WSOCK32.dll
0x00007ffafb6c0000 - 0x00007ffafb6f3000 	C:\WINDOWS\SYSTEM32\WINMM.dll
0x00007ffb03710000 - 0x00007ffb0377f000 	C:\WINDOWS\System32\WS2_32.dll
0x00007ffafad70000 - 0x00007ffafad7a000 	C:\WINDOWS\SYSTEM32\VERSION.dll
0x00007ffaf98f0000 - 0x00007ffaf98ff000 	C:\Program Files\Java\jdk1.8.0_192\jre\bin\verify.dll
0x00007ffaf2a10000 - 0x00007ffaf2a39000 	C:\Program Files\Java\jdk1.8.0_192\jre\bin\java.dll
0x00007ffad01c0000 - 0x00007ffad01f5000 	C:\Program Files\Java\jdk1.8.0_192\jre\bin\jdwp.dll
0x00007ffaf4a50000 - 0x00007ffaf4a58000 	C:\Program Files\Java\jdk1.8.0_192\jre\bin\npt.dll
0x00007ffae4eb0000 - 0x00007ffae4ed3000 	C:\Program Files\Java\jdk1.8.0_192\jre\bin\instrument.dll
0x00007ffaf29f0000 - 0x00007ffaf2a06000 	C:\Program Files\Java\jdk1.8.0_192\jre\bin\zip.dll

VM Arguments:
jvm_args: -agentlib:jdwp=transport=dt_socket,address=127.0.0.1:2582,suspend=y,server=n -javaagent:C:\Users\汪福明\AppData\Local\JetBrains\IdeaIC2021.2\captureAgent\debugger-agent.jar -Dfile.encoding=UTF-8 
java_command: data1120.Main
java_class_path (initial): C:\Program Files\Java\jdk1.8.0_192\jre\lib\charsets.jar;C:\Program Files\Java\jdk1.8.0_192\jre\lib\deploy.jar;C:\Program Files\Java\jdk1.8.0_192\jre\lib\ext\access-bridge-64.jar;C:\Program Files\Java\jdk1.8.0_192\jre\lib\ext\cldrdata.jar;C:\Program Files\Java\jdk1.8.0_192\jre\lib\ext\dnsns.jar;C:\Program Files\Java\jdk1.8.0_192\jre\lib\ext\jaccess.jar;C:\Program Files\Java\jdk1.8.0_192\jre\lib\ext\jfxrt.jar;C:\Program Files\Java\jdk1.8.0_192\jre\lib\ext\localedata.jar;C:\Program Files\Java\jdk1.8.0_192\jre\lib\ext\nashorn.jar;C:\Program Files\Java\jdk1.8.0_192\jre\lib\ext\sunec.jar;C:\Program Files\Java\jdk1.8.0_192\jre\lib\ext\sunjce_provider.jar;C:\Program Files\Java\jdk1.8.0_192\jre\lib\ext\sunmscapi.jar;C:\Program Files\Java\jdk1.8.0_192\jre\lib\ext\sunpkcs11.jar;C:\Program Files\Java\jdk1.8.0_192\jre\lib\ext\zipfs.jar;C:\Program Files\Java\jdk1.8.0_192\jre\lib\javaws.jar;C:\Program Files\Java\jdk1.8.0_192\jre\lib\jce.jar;C:\Program Files\Java\jdk1.8.0_192\jre\lib\jfr.jar;C:\Program Files\Java\jdk1.8.0_192\jre\lib\jfxswt.jar;C:\Program Files\Java\jdk1.8.0_192\jre\lib\jsse.jar;C:\Program Files\Java\jdk1.8.0_192\jre\lib\management-agent.jar;C:\Program Files\Java\jdk1.8.0_192\jre\lib\plugin.jar;C:\Program Files\Java\jdk1.8.0_192\jre\lib\resources.jar;C:\Program Files\Java\jdk1.8.0_192\jre\lib\rt.jar;E:\Github\Java\BitClass\pratice\out\production\pratice;C:\Program Files\JetBrains\IntelliJ IDEA Community Edition 2021.2.2\lib\idea_rt.jar;C:\Users\汪福明\AppData\Local\JetBrains\IdeaIC2021.2\captureAgent\debugger-agent.jar
Launcher Type: SUN_STANDARD

Environment Variables:
JAVA_HOME=C:\Program Files\Java\jdk1.8.0_192
PATH=C:\WINDOWS\system32\WBEM;C:\Windows\system32;C:\Windows;C:\Windows\System32\Wbem;C:\Windows\System32\WindowsPowerShell\v1.0\;C:\Windows\System32\OpenSSH\;C:\Program Files (x86)\NVIDIA Corporation\PhysX\Common;C:\Program Files\NVIDIA Corporation\NVIDIA NvDLISR;C:\WINDOWS\system32;C:\WINDOWS;C:\WINDOWS\System32\Wbem;C:\WINDOWS\System32\WindowsPowerShell\v1.0\;C:\WINDOWS\System32\OpenSSH\;D:\nodejs\;C:\Users\汪福明\AppData\Local\Microsoft\WindowsApps;C:;Users\汪福明\AppData\Roaming\npm;C:;Program Files\Java\jdk1.8.0_192\bin;D:\mysql-8.0.27-winx64\bin;C:\Program Files\Git\cmd;C:\Program Files\TortoiseGit\bin;C:\Program Files\MATLAB\R2021a\bin;C:\Users\汪福明\AppData\Local\Microsoft\WindowsApps;C:\Users\汪福明\AppData\Roaming\npm;C:\Program Files\Java\jdk1.8.0_192\bin;D:\mysql-8.0.27-winx64\bin;C:\Program Files\Bandizip\;C:\Program Files\Bandizip\Bandizip
USERNAME=汪福明
OS=Windows_NT
PROCESSOR_IDENTIFIER=Intel64 Family 6 Model 142 Stepping 12, GenuineIntel



---------------  S Y S T E M  ---------------

OS: Windows 10.0 , 64 bit Build 22000 (10.0.22000.318)

CPU:total 8 (initial active 8) (4 cores per cpu, 2 threads per core) family 6 model 142 stepping 12, cmov, cx8, fxsr, mmx, sse, sse2, sse3, ssse3, sse4.1, sse4.2, popcnt, avx, avx2, aes, clmul, erms, 3dnowpref, lzcnt, ht, tsc, tscinvbit, bmi1, bmi2, adx

Memory: 4k page, physical 8230644k(817104k free), swap 8247028k(5588k free)

vm_info: Java HotSpot(TM) 64-Bit Server VM (25.192-b12) for windows-amd64 JRE (1.8.0_192-b12), built on Oct  6 2018 17:12:23 by "java_re" with MS VC++ 10.0 (VS2010)

time: Sun Nov 21 15:02:40 2021
timezone: 中国标准时间
elapsed time: 0 seconds (0d 0h 0m 0s)

